This file contains any messages produced by compilers while
running configure, to aid debugging if configure makes a mistake.

It was created by RCSSServer configure 19.0.0, which was
generated by GNU Autoconf 2.71.  Invocation command line was

  $ ./configure --enable-debug=yes

## --------- ##
## Platform. ##
## --------- ##

hostname = lcabriqportatil
uname -m = x86_64
uname -r = 5.15.146.1-microsoft-standard-WSL2
uname -s = Linux
uname -v = #1 SMP Thu Jan 11 04:09:03 UTC 2024

/usr/bin/uname -p = x86_64
/bin/uname -X     = unknown

/bin/arch              = x86_64
/usr/bin/arch -k       = unknown
/usr/convex/getsysinfo = unknown
/usr/bin/hostinfo      = unknown
/bin/machine           = unknown
/usr/bin/oslevel       = unknown
/bin/universe          = unknown

PATH: /oesia/TB/rcssserver-19.0.0/src/
PATH: /usr/local/sbin/
PATH: /usr/local/bin/
PATH: /usr/sbin/
PATH: /usr/bin/
PATH: /sbin/
PATH: /bin/
PATH: /usr/games/
PATH: /usr/local/games/
PATH: /usr/lib/wsl/lib/
PATH: /mnt/c/Program Files/WindowsApps/MicrosoftCorporationII.WindowsSubsystemForLinux_2.1.5.0_x64__8wekyb3d8bbwe/
PATH: /mnt/c/Program Files (x86)/Common Files/Oracle/Java/javapath/
PATH: /mnt/c/Windows/system32/
PATH: /mnt/c/Windows/
PATH: /mnt/c/Windows/System32/Wbem/
PATH: /mnt/c/Windows/System32/WindowsPowerShell/v1.0/
PATH: /mnt/c/Windows/System32/OpenSSH/
PATH: /mnt/c/Program Files/Git/cmd/
PATH: /mnt/c/Users/lcabr/AppData/Local/Microsoft/WindowsApps/
PATH: /mnt/c/Users/lcabr/AppData/Local/Programs/Microsoft VS Code/bin/
PATH: /mnt/c/MinGW/bin/
PATH: /mnt/c/Users/lcabr/AppData/Local/GitHubDesktop/bin/
PATH: /snap/bin/


## ----------- ##
## Core tests. ##
## ----------- ##

configure:3044: looking for aux files: ltmain.sh config.guess config.sub compile missing install-sh
configure:3057:  trying ./
configure:3086:   ./ltmain.sh found
configure:3086:   ./config.guess found
configure:3086:   ./config.sub found
configure:3086:   ./compile found
configure:3086:   ./missing found
configure:3068:   ./install-sh found
configure:3217: checking for a BSD-compatible install
configure:3290: result: /usr/bin/install -c
configure:3301: checking whether build environment is sane
configure:3356: result: yes
configure:3515: checking for a race-free mkdir -p
configure:3559: result: /usr/bin/mkdir -p
configure:3566: checking for gawk
configure:3587: found /usr/bin/gawk
configure:3598: result: gawk
configure:3609: checking whether make sets $(MAKE)
configure:3632: result: yes
configure:3662: checking whether make supports nested variables
configure:3680: result: yes
configure:3894: checking for g++
configure:3915: found /usr/bin/g++
configure:3926: result: g++
configure:3953: checking for C++ compiler version
configure:3962: g++ --version >&5
g++ (Ubuntu 11.4.0-1ubuntu1~22.04) 11.4.0
Copyright (C) 2021 Free Software Foundation, Inc.
This is free software; see the source for copying conditions.  There is NO
warranty; not even for MERCHANTABILITY or FITNESS FOR A PARTICULAR PURPOSE.

configure:3973: $? = 0
configure:3962: g++ -v >&5
Using built-in specs.
COLLECT_GCC=g++
COLLECT_LTO_WRAPPER=/usr/lib/gcc/x86_64-linux-gnu/11/lto-wrapper
OFFLOAD_TARGET_NAMES=nvptx-none:amdgcn-amdhsa
OFFLOAD_TARGET_DEFAULT=1
Target: x86_64-linux-gnu
Configured with: ../src/configure -v --with-pkgversion='Ubuntu 11.4.0-1ubuntu1~22.04' --with-bugurl=file:///usr/share/doc/gcc-11/README.Bugs --enable-languages=c,ada,c++,go,brig,d,fortran,objc,obj-c++,m2 --prefix=/usr --with-gcc-major-version-only --program-suffix=-11 --program-prefix=x86_64-linux-gnu- --enable-shared --enable-linker-build-id --libexecdir=/usr/lib --without-included-gettext --enable-threads=posix --libdir=/usr/lib --enable-nls --enable-bootstrap --enable-clocale=gnu --enable-libstdcxx-debug --enable-libstdcxx-time=yes --with-default-libstdcxx-abi=new --enable-gnu-unique-object --disable-vtable-verify --enable-plugin --enable-default-pie --with-system-zlib --enable-libphobos-checking=release --with-target-system-zlib=auto --enable-objc-gc=auto --enable-multiarch --disable-werror --enable-cet --with-arch-32=i686 --with-abi=m64 --with-multilib-list=m32,m64,mx32 --enable-multilib --with-tune=generic --enable-offload-targets=nvptx-none=/build/gcc-11-XeT9lY/gcc-11-11.4.0/debian/tmp-nvptx/usr,amdgcn-amdhsa=/build/gcc-11-XeT9lY/gcc-11-11.4.0/debian/tmp-gcn/usr --without-cuda-driver --enable-checking=release --build=x86_64-linux-gnu --host=x86_64-linux-gnu --target=x86_64-linux-gnu --with-build-config=bootstrap-lto-lean --enable-link-serialization=2
Thread model: posix
Supported LTO compression algorithms: zlib zstd
gcc version 11.4.0 (Ubuntu 11.4.0-1ubuntu1~22.04) 
... rest of stderr output deleted ...
configure:3973: $? = 0
configure:3962: g++ -V >&5
g++: error: unrecognized command-line option '-V'
g++: fatal error: no input files
compilation terminated.
configure:3973: $? = 1
configure:3962: g++ -qversion >&5
g++: error: unrecognized command-line option '-qversion'; did you mean '--version'?
g++: fatal error: no input files
compilation terminated.
configure:3973: $? = 1
configure:3993: checking whether the C++ compiler works
configure:4015: g++    conftest.cpp  >&5
configure:4019: $? = 0
configure:4069: result: yes
configure:4072: checking for C++ compiler default output file name
configure:4074: result: a.out
configure:4080: checking for suffix of executables
configure:4087: g++ -o conftest    conftest.cpp  >&5
configure:4091: $? = 0
configure:4114: result: 
configure:4136: checking whether we are cross compiling
configure:4144: g++ -o conftest    conftest.cpp  >&5
configure:4148: $? = 0
configure:4155: ./conftest
configure:4159: $? = 0
configure:4174: result: no
configure:4179: checking for suffix of object files
configure:4202: g++ -c   conftest.cpp >&5
configure:4206: $? = 0
configure:4228: result: o
configure:4232: checking whether the compiler supports GNU C++
configure:4252: g++ -c   conftest.cpp >&5
configure:4252: $? = 0
configure:4262: result: yes
configure:4273: checking whether g++ accepts -g
configure:4294: g++ -c -g  conftest.cpp >&5
configure:4294: $? = 0
configure:4338: result: yes
configure:4358: checking for g++ option to enable C++11 features
configure:4373: g++  -c -g -O2  conftest.cpp >&5
conftest.cpp: In function 'int main(int, char**)':
conftest.cpp:177:25: warning: empty parentheses were disambiguated as a function declaration [-Wvexing-parse]
  177 |   cxx11test::delegate d2();
      |                         ^~
conftest.cpp:177:25: note: remove parentheses to default-initialize a variable
  177 |   cxx11test::delegate d2();
      |                         ^~
      |                         --
conftest.cpp:177:25: note: or replace parentheses with braces to value-initialize a variable
configure:4373: $? = 0
configure:4391: result: none needed
configure:4458: checking whether make supports the include directive
configure:4473: make -f confmf.GNU && cat confinc.out
this is the am__doit target
configure:4476: $? = 0
configure:4495: result: yes (GNU style)
configure:4521: checking dependency style of g++
configure:4633: result: gcc3
configure:4652: checking for gawk
configure:4684: result: gawk
configure:4757: checking for gcc
configure:4778: found /usr/bin/gcc
configure:4789: result: gcc
configure:5142: checking for C compiler version
configure:5151: gcc --version >&5
gcc (Ubuntu 11.4.0-1ubuntu1~22.04) 11.4.0
Copyright (C) 2021 Free Software Foundation, Inc.
This is free software; see the source for copying conditions.  There is NO
warranty; not even for MERCHANTABILITY or FITNESS FOR A PARTICULAR PURPOSE.

configure:5162: $? = 0
configure:5151: gcc -v >&5
Using built-in specs.
COLLECT_GCC=gcc
COLLECT_LTO_WRAPPER=/usr/lib/gcc/x86_64-linux-gnu/11/lto-wrapper
OFFLOAD_TARGET_NAMES=nvptx-none:amdgcn-amdhsa
OFFLOAD_TARGET_DEFAULT=1
Target: x86_64-linux-gnu
Configured with: ../src/configure -v --with-pkgversion='Ubuntu 11.4.0-1ubuntu1~22.04' --with-bugurl=file:///usr/share/doc/gcc-11/README.Bugs --enable-languages=c,ada,c++,go,brig,d,fortran,objc,obj-c++,m2 --prefix=/usr --with-gcc-major-version-only --program-suffix=-11 --program-prefix=x86_64-linux-gnu- --enable-shared --enable-linker-build-id --libexecdir=/usr/lib --without-included-gettext --enable-threads=posix --libdir=/usr/lib --enable-nls --enable-bootstrap --enable-clocale=gnu --enable-libstdcxx-debug --enable-libstdcxx-time=yes --with-default-libstdcxx-abi=new --enable-gnu-unique-object --disable-vtable-verify --enable-plugin --enable-default-pie --with-system-zlib --enable-libphobos-checking=release --with-target-system-zlib=auto --enable-objc-gc=auto --enable-multiarch --disable-werror --enable-cet --with-arch-32=i686 --with-abi=m64 --with-multilib-list=m32,m64,mx32 --enable-multilib --with-tune=generic --enable-offload-targets=nvptx-none=/build/gcc-11-XeT9lY/gcc-11-11.4.0/debian/tmp-nvptx/usr,amdgcn-amdhsa=/build/gcc-11-XeT9lY/gcc-11-11.4.0/debian/tmp-gcn/usr --without-cuda-driver --enable-checking=release --build=x86_64-linux-gnu --host=x86_64-linux-gnu --target=x86_64-linux-gnu --with-build-config=bootstrap-lto-lean --enable-link-serialization=2
Thread model: posix
Supported LTO compression algorithms: zlib zstd
gcc version 11.4.0 (Ubuntu 11.4.0-1ubuntu1~22.04) 
... rest of stderr output deleted ...
configure:5162: $? = 0
configure:5151: gcc -V >&5
gcc: error: unrecognized command-line option '-V'
gcc: fatal error: no input files
compilation terminated.
configure:5162: $? = 1
configure:5151: gcc -qversion >&5
gcc: error: unrecognized command-line option '-qversion'; did you mean '--version'?
gcc: fatal error: no input files
compilation terminated.
configure:5162: $? = 1
configure:5151: gcc -version >&5
gcc: error: unrecognized command-line option '-version'
gcc: fatal error: no input files
compilation terminated.
configure:5162: $? = 1
configure:5166: checking whether the compiler supports GNU C
configure:5186: gcc -c   conftest.c >&5
configure:5186: $? = 0
configure:5196: result: yes
configure:5207: checking whether gcc accepts -g
configure:5228: gcc -c -g  conftest.c >&5
configure:5228: $? = 0
configure:5272: result: yes
configure:5292: checking for gcc option to enable C11 features
configure:5307: gcc  -c -g -O2  conftest.c >&5
configure:5307: $? = 0
configure:5325: result: none needed
configure:5441: checking whether gcc understands -c and -o together
configure:5464: gcc -c conftest.c -o conftest2.o
configure:5467: $? = 0
configure:5464: gcc -c conftest.c -o conftest2.o
configure:5467: $? = 0
configure:5479: result: yes
configure:5498: checking dependency style of gcc
configure:5610: result: gcc3
configure:5630: checking how to run the C preprocessor
configure:5656: gcc -E  conftest.c
configure:5656: $? = 0
configure:5671: gcc -E  conftest.c
conftest.c:11:10: fatal error: ac_nonexistent.h: No such file or directory
   11 | #include <ac_nonexistent.h>
      |          ^~~~~~~~~~~~~~~~~~
compilation terminated.
configure:5671: $? = 1
configure: failed program was:
| /* confdefs.h */
| #define PACKAGE_NAME "RCSSServer"
| #define PACKAGE_TARNAME "rcssserver"
| #define PACKAGE_VERSION "19.0.0"
| #define PACKAGE_STRING "RCSSServer 19.0.0"
| #define PACKAGE_BUGREPORT "https://github.com/rcsoccersim/"
| #define PACKAGE_URL ""
| #define PACKAGE "rcssserver"
| #define VERSION "19.0.0"
| /* end confdefs.h.  */
| #include <ac_nonexistent.h>
configure:5698: result: gcc -E
configure:5712: gcc -E  conftest.c
configure:5712: $? = 0
configure:5727: gcc -E  conftest.c
conftest.c:11:10: fatal error: ac_nonexistent.h: No such file or directory
   11 | #include <ac_nonexistent.h>
      |          ^~~~~~~~~~~~~~~~~~
compilation terminated.
configure:5727: $? = 1
configure: failed program was:
| /* confdefs.h */
| #define PACKAGE_NAME "RCSSServer"
| #define PACKAGE_TARNAME "rcssserver"
| #define PACKAGE_VERSION "19.0.0"
| #define PACKAGE_STRING "RCSSServer 19.0.0"
| #define PACKAGE_BUGREPORT "https://github.com/rcsoccersim/"
| #define PACKAGE_URL ""
| #define PACKAGE "rcssserver"
| #define VERSION "19.0.0"
| /* end confdefs.h.  */
| #include <ac_nonexistent.h>
configure:5758: checking whether ln -s works
configure:5762: result: yes
configure:5769: checking whether make sets $(MAKE)
configure:5792: result: yes
configure:5811: checking for cos in -lm
configure:5834: gcc -o conftest -g -O2   conftest.c -lm   >&5
conftest.c:15:6: warning: conflicting types for built-in function 'cos'; expected 'double(double)' [-Wbuiltin-declaration-mismatch]
   15 | char cos ();
      |      ^~~
conftest.c:1:1: note: 'cos' is declared in header '<math.h>'
    1 | /* confdefs.h */
configure:5834: $? = 0
configure:5844: result: yes
configure:5864: checking for stdio.h
configure:5864: gcc -c -g -O2  conftest.c >&5
configure:5864: $? = 0
configure:5864: result: yes
configure:5864: checking for stdlib.h
configure:5864: gcc -c -g -O2  conftest.c >&5
configure:5864: $? = 0
configure:5864: result: yes
configure:5864: checking for string.h
configure:5864: gcc -c -g -O2  conftest.c >&5
configure:5864: $? = 0
configure:5864: result: yes
configure:5864: checking for inttypes.h
configure:5864: gcc -c -g -O2  conftest.c >&5
configure:5864: $? = 0
configure:5864: result: yes
configure:5864: checking for stdint.h
configure:5864: gcc -c -g -O2  conftest.c >&5
configure:5864: $? = 0
configure:5864: result: yes
configure:5864: checking for strings.h
configure:5864: gcc -c -g -O2  conftest.c >&5
configure:5864: $? = 0
configure:5864: result: yes
configure:5864: checking for sys/stat.h
configure:5864: gcc -c -g -O2  conftest.c >&5
configure:5864: $? = 0
configure:5864: result: yes
configure:5864: checking for sys/types.h
configure:5864: gcc -c -g -O2  conftest.c >&5
configure:5864: $? = 0
configure:5864: result: yes
configure:5864: checking for unistd.h
configure:5864: gcc -c -g -O2  conftest.c >&5
configure:5864: $? = 0
configure:5864: result: yes
configure:5864: checking for vfork.h
configure:5864: gcc -c -g -O2  conftest.c >&5
conftest.c:49:10: fatal error: vfork.h: No such file or directory
   49 | #include <vfork.h>
      |          ^~~~~~~~~
compilation terminated.
configure:5864: $? = 1
configure: failed program was:
| /* confdefs.h */
| #define PACKAGE_NAME "RCSSServer"
| #define PACKAGE_TARNAME "rcssserver"
| #define PACKAGE_VERSION "19.0.0"
| #define PACKAGE_STRING "RCSSServer 19.0.0"
| #define PACKAGE_BUGREPORT "https://github.com/rcsoccersim/"
| #define PACKAGE_URL ""
| #define PACKAGE "rcssserver"
| #define VERSION "19.0.0"
| #define HAVE_LIBM 1
| #define HAVE_STDIO_H 1
| #define HAVE_STDLIB_H 1
| #define HAVE_STRING_H 1
| #define HAVE_INTTYPES_H 1
| #define HAVE_STDINT_H 1
| #define HAVE_STRINGS_H 1
| #define HAVE_SYS_STAT_H 1
| #define HAVE_SYS_TYPES_H 1
| #define HAVE_UNISTD_H 1
| /* end confdefs.h.  */
| #include <stddef.h>
| #ifdef HAVE_STDIO_H
| # include <stdio.h>
| #endif
| #ifdef HAVE_STDLIB_H
| # include <stdlib.h>
| #endif
| #ifdef HAVE_STRING_H
| # include <string.h>
| #endif
| #ifdef HAVE_INTTYPES_H
| # include <inttypes.h>
| #endif
| #ifdef HAVE_STDINT_H
| # include <stdint.h>
| #endif
| #ifdef HAVE_STRINGS_H
| # include <strings.h>
| #endif
| #ifdef HAVE_SYS_TYPES_H
| # include <sys/types.h>
| #endif
| #ifdef HAVE_SYS_STAT_H
| # include <sys/stat.h>
| #endif
| #ifdef HAVE_UNISTD_H
| # include <unistd.h>
| #endif
| #include <vfork.h>
configure:5864: result: no
configure:5864: checking for sys/select.h
configure:5864: gcc -c -g -O2  conftest.c >&5
configure:5864: $? = 0
configure:5864: result: yes
configure:5864: checking for sys/socket.h
configure:5864: gcc -c -g -O2  conftest.c >&5
configure:5864: $? = 0
configure:5864: result: yes
configure:5892: checking if zlib is wanted
configure:5915: result: yes
configure:5945: checking for inflateEnd in -lz
configure:5968: gcc -o conftest -g -O2  -I/usr/include  -L/usr/lib conftest.c -lz  -lm  >&5
configure:5968: $? = 0
configure:5978: result: yes
configure:5987: checking for zlib.h
configure:5987: gcc -c -g -O2  -I/usr/include conftest.c >&5
configure:5987: $? = 0
configure:5987: result: yes
configure:6028: checking for size_t
configure:6028: gcc -c -g -O2  -I/usr/include -I/usr/include conftest.c >&5
configure:6028: $? = 0
configure:6028: gcc -c -g -O2  -I/usr/include -I/usr/include conftest.c >&5
conftest.c: In function 'main':
conftest.c:56:21: error: expected expression before ')' token
   56 | if (sizeof ((size_t)))
      |                     ^
configure:6028: $? = 1
configure: failed program was:
| /* confdefs.h */
| #define PACKAGE_NAME "RCSSServer"
| #define PACKAGE_TARNAME "rcssserver"
| #define PACKAGE_VERSION "19.0.0"
| #define PACKAGE_STRING "RCSSServer 19.0.0"
| #define PACKAGE_BUGREPORT "https://github.com/rcsoccersim/"
| #define PACKAGE_URL ""
| #define PACKAGE "rcssserver"
| #define VERSION "19.0.0"
| #define HAVE_LIBM 1
| #define HAVE_STDIO_H 1
| #define HAVE_STDLIB_H 1
| #define HAVE_STRING_H 1
| #define HAVE_INTTYPES_H 1
| #define HAVE_STDINT_H 1
| #define HAVE_STRINGS_H 1
| #define HAVE_SYS_STAT_H 1
| #define HAVE_SYS_TYPES_H 1
| #define HAVE_UNISTD_H 1
| #define HAVE_SYS_SELECT_H 1
| #define HAVE_SYS_SOCKET_H 1
| #define STDC_HEADERS 1
| #define HAVE_LIBZ 1
| /* end confdefs.h.  */
| #include <stddef.h>
| #ifdef HAVE_STDIO_H
| # include <stdio.h>
| #endif
| #ifdef HAVE_STDLIB_H
| # include <stdlib.h>
| #endif
| #ifdef HAVE_STRING_H
| # include <string.h>
| #endif
| #ifdef HAVE_INTTYPES_H
| # include <inttypes.h>
| #endif
| #ifdef HAVE_STDINT_H
| # include <stdint.h>
| #endif
| #ifdef HAVE_STRINGS_H
| # include <strings.h>
| #endif
| #ifdef HAVE_SYS_TYPES_H
| # include <sys/types.h>
| #endif
| #ifdef HAVE_SYS_STAT_H
| # include <sys/stat.h>
| #endif
| #ifdef HAVE_UNISTD_H
| # include <unistd.h>
| #endif
| int
| main (void)
| {
| if (sizeof ((size_t)))
| 	    return 0;
|   ;
|   return 0;
| }
configure:6028: result: yes
configure:6040: checking for working alloca.h
configure:6058: gcc -o conftest -g -O2  -I/usr/include -I/usr/include  -L/usr/lib -L/usr/lib conftest.c -lz -lm  >&5
configure:6058: $? = 0
configure:6067: result: yes
configure:6075: checking for alloca
configure:6120: result: yes
configure:6188: checking for arpa/inet.h
configure:6188: gcc -c -g -O2  -I/usr/include -I/usr/include conftest.c >&5
configure:6188: $? = 0
configure:6188: result: yes
configure:6194: checking for fcntl.h
configure:6194: gcc -c -g -O2  -I/usr/include -I/usr/include conftest.c >&5
configure:6194: $? = 0
configure:6194: result: yes
configure:6201: checking for inttypes.h
configure:6201: result: yes
configure:6207: checking for libintl.h
configure:6207: gcc -c -g -O2  -I/usr/include -I/usr/include conftest.c >&5
configure:6207: $? = 0
configure:6207: result: yes
configure:6213: checking for libintl.h
configure:6213: result: yes
configure:6219: checking for malloc.h
configure:6219: gcc -c -g -O2  -I/usr/include -I/usr/include conftest.c >&5
configure:6219: $? = 0
configure:6219: result: yes
configure:6225: checking for netdb.h
configure:6225: gcc -c -g -O2  -I/usr/include -I/usr/include conftest.c >&5
configure:6225: $? = 0
configure:6225: result: yes
configure:6232: checking for netinet/in.h
configure:6232: gcc -c -g -O2  -I/usr/include -I/usr/include conftest.c >&5
configure:6232: $? = 0
configure:6232: result: yes
configure:6238: checking for poll.h
configure:6238: gcc -c -g -O2  -I/usr/include -I/usr/include conftest.c >&5
configure:6238: $? = 0
configure:6238: result: yes
configure:6244: checking for pwd.h
configure:6244: gcc -c -g -O2  -I/usr/include -I/usr/include conftest.c >&5
configure:6244: $? = 0
configure:6244: result: yes
configure:6250: checking for stddef.h
configure:6250: gcc -c -g -O2  -I/usr/include -I/usr/include conftest.c >&5
configure:6250: $? = 0
configure:6250: result: yes
configure:6256: checking for stdlib.h
configure:6256: result: yes
configure:6262: checking for sys/param.h
configure:6262: gcc -c -g -O2  -I/usr/include -I/usr/include conftest.c >&5
configure:6262: $? = 0
configure:6262: result: yes
configure:6269: checking for sys/socket.h
configure:6269: result: yes
configure:6275: checking for sys/time.h
configure:6275: gcc -c -g -O2  -I/usr/include -I/usr/include conftest.c >&5
configure:6275: $? = 0
configure:6275: result: yes
configure:6281: checking for sys/types.h
configure:6281: result: yes
configure:6287: checking for unistd.h
configure:6287: result: yes
configure:6300: checking for _Bool
configure:6300: gcc -c -g -O2  -I/usr/include -I/usr/include conftest.c >&5
configure:6300: $? = 0
configure:6300: gcc -c -g -O2  -I/usr/include -I/usr/include conftest.c >&5
conftest.c: In function 'main':
conftest.c:75:20: error: expected expression before ')' token
   75 | if (sizeof ((_Bool)))
      |                    ^
configure:6300: $? = 1
configure: failed program was:
| /* confdefs.h */
| #define PACKAGE_NAME "RCSSServer"
| #define PACKAGE_TARNAME "rcssserver"
| #define PACKAGE_VERSION "19.0.0"
| #define PACKAGE_STRING "RCSSServer 19.0.0"
| #define PACKAGE_BUGREPORT "https://github.com/rcsoccersim/"
| #define PACKAGE_URL ""
| #define PACKAGE "rcssserver"
| #define VERSION "19.0.0"
| #define HAVE_LIBM 1
| #define HAVE_STDIO_H 1
| #define HAVE_STDLIB_H 1
| #define HAVE_STRING_H 1
| #define HAVE_INTTYPES_H 1
| #define HAVE_STDINT_H 1
| #define HAVE_STRINGS_H 1
| #define HAVE_SYS_STAT_H 1
| #define HAVE_SYS_TYPES_H 1
| #define HAVE_UNISTD_H 1
| #define HAVE_SYS_SELECT_H 1
| #define HAVE_SYS_SOCKET_H 1
| #define STDC_HEADERS 1
| #define HAVE_LIBZ 1
| #define HAVE_ALLOCA_H 1
| #define HAVE_ALLOCA 1
| #define HAVE_ARPA_INET_H 1
| #define HAVE_FCNTL_H 1
| #define HAVE_INTTYPES_H 1
| #define HAVE_LIBINTL_H 1
| #define HAVE_LIBINTL_H 1
| #define HAVE_MALLOC_H 1
| #define HAVE_NETDB_H 1
| #define HAVE_NETINET_IN_H 1
| #define HAVE_POLL_H 1
| #define HAVE_PWD_H 1
| #define HAVE_STDDEF_H 1
| #define HAVE_STDLIB_H 1
| #define HAVE_SYS_PARAM_H 1
| #define HAVE_SYS_SOCKET_H 1
| #define HAVE_SYS_TIME_H 1
| #define HAVE_SYS_TYPES_H 1
| #define HAVE_UNISTD_H 1
| /* end confdefs.h.  */
| #include <stddef.h>
| #ifdef HAVE_STDIO_H
| # include <stdio.h>
| #endif
| #ifdef HAVE_STDLIB_H
| # include <stdlib.h>
| #endif
| #ifdef HAVE_STRING_H
| # include <string.h>
| #endif
| #ifdef HAVE_INTTYPES_H
| # include <inttypes.h>
| #endif
| #ifdef HAVE_STDINT_H
| # include <stdint.h>
| #endif
| #ifdef HAVE_STRINGS_H
| # include <strings.h>
| #endif
| #ifdef HAVE_SYS_TYPES_H
| # include <sys/types.h>
| #endif
| #ifdef HAVE_SYS_STAT_H
| # include <sys/stat.h>
| #endif
| #ifdef HAVE_UNISTD_H
| # include <unistd.h>
| #endif
| int
| main (void)
| {
| if (sizeof ((_Bool)))
| 	    return 0;
|   ;
|   return 0;
| }
configure:6300: result: yes
configure:6309: checking for stdbool.h that conforms to C99
configure:6425: gcc -c -g -O2  -I/usr/include -I/usr/include conftest.c >&5
configure:6425: $? = 0
configure:6433: result: yes
configure:6442: checking for an ANSI C-conforming const
configure:6509: gcc -c -g -O2  -I/usr/include -I/usr/include conftest.c >&5
configure:6509: $? = 0
configure:6517: result: yes
configure:6525: checking for inline
configure:6542: gcc -c -g -O2  -I/usr/include -I/usr/include conftest.c >&5
configure:6542: $? = 0
configure:6551: result: inline
configure:6569: checking for int16_t
configure:6569: gcc -c -g -O2  -I/usr/include -I/usr/include conftest.c >&5
configure:6569: $? = 0
configure:6569: gcc -c -g -O2  -I/usr/include -I/usr/include conftest.c >&5
conftest.c: In function 'main':
conftest.c:78:12: error: size of array 'test_array' is negative
   78 | static int test_array [1 - 2 * !((int16_t) (((((int16_t) 1 << N) << N) - 1) * 2 + 1)
      |            ^~~~~~~~~~
configure:6569: $? = 1
configure: failed program was:
| /* confdefs.h */
| #define PACKAGE_NAME "RCSSServer"
| #define PACKAGE_TARNAME "rcssserver"
| #define PACKAGE_VERSION "19.0.0"
| #define PACKAGE_STRING "RCSSServer 19.0.0"
| #define PACKAGE_BUGREPORT "https://github.com/rcsoccersim/"
| #define PACKAGE_URL ""
| #define PACKAGE "rcssserver"
| #define VERSION "19.0.0"
| #define HAVE_LIBM 1
| #define HAVE_STDIO_H 1
| #define HAVE_STDLIB_H 1
| #define HAVE_STRING_H 1
| #define HAVE_INTTYPES_H 1
| #define HAVE_STDINT_H 1
| #define HAVE_STRINGS_H 1
| #define HAVE_SYS_STAT_H 1
| #define HAVE_SYS_TYPES_H 1
| #define HAVE_UNISTD_H 1
| #define HAVE_SYS_SELECT_H 1
| #define HAVE_SYS_SOCKET_H 1
| #define STDC_HEADERS 1
| #define HAVE_LIBZ 1
| #define HAVE_ALLOCA_H 1
| #define HAVE_ALLOCA 1
| #define HAVE_ARPA_INET_H 1
| #define HAVE_FCNTL_H 1
| #define HAVE_INTTYPES_H 1
| #define HAVE_LIBINTL_H 1
| #define HAVE_LIBINTL_H 1
| #define HAVE_MALLOC_H 1
| #define HAVE_NETDB_H 1
| #define HAVE_NETINET_IN_H 1
| #define HAVE_POLL_H 1
| #define HAVE_PWD_H 1
| #define HAVE_STDDEF_H 1
| #define HAVE_STDLIB_H 1
| #define HAVE_SYS_PARAM_H 1
| #define HAVE_SYS_SOCKET_H 1
| #define HAVE_SYS_TIME_H 1
| #define HAVE_SYS_TYPES_H 1
| #define HAVE_UNISTD_H 1
| #define HAVE__BOOL 1
| #define HAVE_STDBOOL_H 1
| /* end confdefs.h.  */
| #include <stddef.h>
| #ifdef HAVE_STDIO_H
| # include <stdio.h>
| #endif
| #ifdef HAVE_STDLIB_H
| # include <stdlib.h>
| #endif
| #ifdef HAVE_STRING_H
| # include <string.h>
| #endif
| #ifdef HAVE_INTTYPES_H
| # include <inttypes.h>
| #endif
| #ifdef HAVE_STDINT_H
| # include <stdint.h>
| #endif
| #ifdef HAVE_STRINGS_H
| # include <strings.h>
| #endif
| #ifdef HAVE_SYS_TYPES_H
| # include <sys/types.h>
| #endif
| #ifdef HAVE_SYS_STAT_H
| # include <sys/stat.h>
| #endif
| #ifdef HAVE_UNISTD_H
| # include <unistd.h>
| #endif
| 	        enum { N = 16 / 2 - 1 };
| int
| main (void)
| {
| static int test_array [1 - 2 * !((int16_t) (((((int16_t) 1 << N) << N) - 1) * 2 + 1)
| 		 < (int16_t) (((((int16_t) 1 << N) << N) - 1) * 2 + 2))];
| test_array [0] = 0;
| return test_array [0];
| 
|   ;
|   return 0;
| }
configure:6569: result: yes
configure:6578: checking for int32_t
configure:6578: gcc -c -g -O2  -I/usr/include -I/usr/include conftest.c >&5
configure:6578: $? = 0
configure:6578: gcc -c -g -O2  -I/usr/include -I/usr/include conftest.c >&5
conftest.c: In function 'main':
conftest.c:79:67: warning: integer overflow in expression of type 'int' results in '-2147483648' [-Woverflow]
   79 |                  < (int32_t) (((((int32_t) 1 << N) << N) - 1) * 2 + 2))];
      |                                                                   ^
conftest.c:78:12: error: storage size of 'test_array' isn't constant
   78 | static int test_array [1 - 2 * !((int32_t) (((((int32_t) 1 << N) << N) - 1) * 2 + 1)
      |            ^~~~~~~~~~
configure:6578: $? = 1
configure: failed program was:
| /* confdefs.h */
| #define PACKAGE_NAME "RCSSServer"
| #define PACKAGE_TARNAME "rcssserver"
| #define PACKAGE_VERSION "19.0.0"
| #define PACKAGE_STRING "RCSSServer 19.0.0"
| #define PACKAGE_BUGREPORT "https://github.com/rcsoccersim/"
| #define PACKAGE_URL ""
| #define PACKAGE "rcssserver"
| #define VERSION "19.0.0"
| #define HAVE_LIBM 1
| #define HAVE_STDIO_H 1
| #define HAVE_STDLIB_H 1
| #define HAVE_STRING_H 1
| #define HAVE_INTTYPES_H 1
| #define HAVE_STDINT_H 1
| #define HAVE_STRINGS_H 1
| #define HAVE_SYS_STAT_H 1
| #define HAVE_SYS_TYPES_H 1
| #define HAVE_UNISTD_H 1
| #define HAVE_SYS_SELECT_H 1
| #define HAVE_SYS_SOCKET_H 1
| #define STDC_HEADERS 1
| #define HAVE_LIBZ 1
| #define HAVE_ALLOCA_H 1
| #define HAVE_ALLOCA 1
| #define HAVE_ARPA_INET_H 1
| #define HAVE_FCNTL_H 1
| #define HAVE_INTTYPES_H 1
| #define HAVE_LIBINTL_H 1
| #define HAVE_LIBINTL_H 1
| #define HAVE_MALLOC_H 1
| #define HAVE_NETDB_H 1
| #define HAVE_NETINET_IN_H 1
| #define HAVE_POLL_H 1
| #define HAVE_PWD_H 1
| #define HAVE_STDDEF_H 1
| #define HAVE_STDLIB_H 1
| #define HAVE_SYS_PARAM_H 1
| #define HAVE_SYS_SOCKET_H 1
| #define HAVE_SYS_TIME_H 1
| #define HAVE_SYS_TYPES_H 1
| #define HAVE_UNISTD_H 1
| #define HAVE__BOOL 1
| #define HAVE_STDBOOL_H 1
| /* end confdefs.h.  */
| #include <stddef.h>
| #ifdef HAVE_STDIO_H
| # include <stdio.h>
| #endif
| #ifdef HAVE_STDLIB_H
| # include <stdlib.h>
| #endif
| #ifdef HAVE_STRING_H
| # include <string.h>
| #endif
| #ifdef HAVE_INTTYPES_H
| # include <inttypes.h>
| #endif
| #ifdef HAVE_STDINT_H
| # include <stdint.h>
| #endif
| #ifdef HAVE_STRINGS_H
| # include <strings.h>
| #endif
| #ifdef HAVE_SYS_TYPES_H
| # include <sys/types.h>
| #endif
| #ifdef HAVE_SYS_STAT_H
| # include <sys/stat.h>
| #endif
| #ifdef HAVE_UNISTD_H
| # include <unistd.h>
| #endif
| 	        enum { N = 32 / 2 - 1 };
| int
| main (void)
| {
| static int test_array [1 - 2 * !((int32_t) (((((int32_t) 1 << N) << N) - 1) * 2 + 1)
| 		 < (int32_t) (((((int32_t) 1 << N) << N) - 1) * 2 + 2))];
| test_array [0] = 0;
| return test_array [0];
| 
|   ;
|   return 0;
| }
configure:6578: result: yes
configure:6587: checking for int8_t
configure:6587: gcc -c -g -O2  -I/usr/include -I/usr/include conftest.c >&5
configure:6587: $? = 0
configure:6587: gcc -c -g -O2  -I/usr/include -I/usr/include conftest.c >&5
conftest.c: In function 'main':
conftest.c:78:12: error: size of array 'test_array' is negative
   78 | static int test_array [1 - 2 * !((int8_t) (((((int8_t) 1 << N) << N) - 1) * 2 + 1)
      |            ^~~~~~~~~~
configure:6587: $? = 1
configure: failed program was:
| /* confdefs.h */
| #define PACKAGE_NAME "RCSSServer"
| #define PACKAGE_TARNAME "rcssserver"
| #define PACKAGE_VERSION "19.0.0"
| #define PACKAGE_STRING "RCSSServer 19.0.0"
| #define PACKAGE_BUGREPORT "https://github.com/rcsoccersim/"
| #define PACKAGE_URL ""
| #define PACKAGE "rcssserver"
| #define VERSION "19.0.0"
| #define HAVE_LIBM 1
| #define HAVE_STDIO_H 1
| #define HAVE_STDLIB_H 1
| #define HAVE_STRING_H 1
| #define HAVE_INTTYPES_H 1
| #define HAVE_STDINT_H 1
| #define HAVE_STRINGS_H 1
| #define HAVE_SYS_STAT_H 1
| #define HAVE_SYS_TYPES_H 1
| #define HAVE_UNISTD_H 1
| #define HAVE_SYS_SELECT_H 1
| #define HAVE_SYS_SOCKET_H 1
| #define STDC_HEADERS 1
| #define HAVE_LIBZ 1
| #define HAVE_ALLOCA_H 1
| #define HAVE_ALLOCA 1
| #define HAVE_ARPA_INET_H 1
| #define HAVE_FCNTL_H 1
| #define HAVE_INTTYPES_H 1
| #define HAVE_LIBINTL_H 1
| #define HAVE_LIBINTL_H 1
| #define HAVE_MALLOC_H 1
| #define HAVE_NETDB_H 1
| #define HAVE_NETINET_IN_H 1
| #define HAVE_POLL_H 1
| #define HAVE_PWD_H 1
| #define HAVE_STDDEF_H 1
| #define HAVE_STDLIB_H 1
| #define HAVE_SYS_PARAM_H 1
| #define HAVE_SYS_SOCKET_H 1
| #define HAVE_SYS_TIME_H 1
| #define HAVE_SYS_TYPES_H 1
| #define HAVE_UNISTD_H 1
| #define HAVE__BOOL 1
| #define HAVE_STDBOOL_H 1
| /* end confdefs.h.  */
| #include <stddef.h>
| #ifdef HAVE_STDIO_H
| # include <stdio.h>
| #endif
| #ifdef HAVE_STDLIB_H
| # include <stdlib.h>
| #endif
| #ifdef HAVE_STRING_H
| # include <string.h>
| #endif
| #ifdef HAVE_INTTYPES_H
| # include <inttypes.h>
| #endif
| #ifdef HAVE_STDINT_H
| # include <stdint.h>
| #endif
| #ifdef HAVE_STRINGS_H
| # include <strings.h>
| #endif
| #ifdef HAVE_SYS_TYPES_H
| # include <sys/types.h>
| #endif
| #ifdef HAVE_SYS_STAT_H
| # include <sys/stat.h>
| #endif
| #ifdef HAVE_UNISTD_H
| # include <unistd.h>
| #endif
| 	        enum { N = 8 / 2 - 1 };
| int
| main (void)
| {
| static int test_array [1 - 2 * !((int8_t) (((((int8_t) 1 << N) << N) - 1) * 2 + 1)
| 		 < (int8_t) (((((int8_t) 1 << N) << N) - 1) * 2 + 2))];
| test_array [0] = 0;
| return test_array [0];
| 
|   ;
|   return 0;
| }
configure:6587: result: yes
configure:6596: checking for size_t
configure:6596: result: yes
configure:6607: checking whether struct tm is in sys/time.h or time.h
configure:6628: gcc -c -g -O2  -I/usr/include -I/usr/include conftest.c >&5
configure:6628: $? = 0
configure:6636: result: time.h
configure:6644: checking for uint16_t
configure:6644: gcc -c -g -O2  -I/usr/include -I/usr/include conftest.c >&5
configure:6644: $? = 0
configure:6644: result: yes
configure:6654: checking for uint32_t
configure:6654: gcc -c -g -O2  -I/usr/include -I/usr/include conftest.c >&5
configure:6654: $? = 0
configure:6654: result: yes
configure:6666: checking for uint8_t
configure:6666: gcc -c -g -O2  -I/usr/include -I/usr/include conftest.c >&5
configure:6666: $? = 0
configure:6666: result: yes
configure:6678: checking for ptrdiff_t
configure:6678: gcc -c -g -O2  -I/usr/include -I/usr/include conftest.c >&5
configure:6678: $? = 0
configure:6678: gcc -c -g -O2  -I/usr/include -I/usr/include conftest.c >&5
conftest.c: In function 'main':
conftest.c:77:24: error: expected expression before ')' token
   77 | if (sizeof ((ptrdiff_t)))
      |                        ^
configure:6678: $? = 1
configure: failed program was:
| /* confdefs.h */
| #define PACKAGE_NAME "RCSSServer"
| #define PACKAGE_TARNAME "rcssserver"
| #define PACKAGE_VERSION "19.0.0"
| #define PACKAGE_STRING "RCSSServer 19.0.0"
| #define PACKAGE_BUGREPORT "https://github.com/rcsoccersim/"
| #define PACKAGE_URL ""
| #define PACKAGE "rcssserver"
| #define VERSION "19.0.0"
| #define HAVE_LIBM 1
| #define HAVE_STDIO_H 1
| #define HAVE_STDLIB_H 1
| #define HAVE_STRING_H 1
| #define HAVE_INTTYPES_H 1
| #define HAVE_STDINT_H 1
| #define HAVE_STRINGS_H 1
| #define HAVE_SYS_STAT_H 1
| #define HAVE_SYS_TYPES_H 1
| #define HAVE_UNISTD_H 1
| #define HAVE_SYS_SELECT_H 1
| #define HAVE_SYS_SOCKET_H 1
| #define STDC_HEADERS 1
| #define HAVE_LIBZ 1
| #define HAVE_ALLOCA_H 1
| #define HAVE_ALLOCA 1
| #define HAVE_ARPA_INET_H 1
| #define HAVE_FCNTL_H 1
| #define HAVE_INTTYPES_H 1
| #define HAVE_LIBINTL_H 1
| #define HAVE_LIBINTL_H 1
| #define HAVE_MALLOC_H 1
| #define HAVE_NETDB_H 1
| #define HAVE_NETINET_IN_H 1
| #define HAVE_POLL_H 1
| #define HAVE_PWD_H 1
| #define HAVE_STDDEF_H 1
| #define HAVE_STDLIB_H 1
| #define HAVE_SYS_PARAM_H 1
| #define HAVE_SYS_SOCKET_H 1
| #define HAVE_SYS_TIME_H 1
| #define HAVE_SYS_TYPES_H 1
| #define HAVE_UNISTD_H 1
| #define HAVE__BOOL 1
| #define HAVE_STDBOOL_H 1
| /* end confdefs.h.  */
| #include <stddef.h>
| #ifdef HAVE_STDIO_H
| # include <stdio.h>
| #endif
| #ifdef HAVE_STDLIB_H
| # include <stdlib.h>
| #endif
| #ifdef HAVE_STRING_H
| # include <string.h>
| #endif
| #ifdef HAVE_INTTYPES_H
| # include <inttypes.h>
| #endif
| #ifdef HAVE_STDINT_H
| # include <stdint.h>
| #endif
| #ifdef HAVE_STRINGS_H
| # include <strings.h>
| #endif
| #ifdef HAVE_SYS_TYPES_H
| # include <sys/types.h>
| #endif
| #ifdef HAVE_SYS_STAT_H
| # include <sys/stat.h>
| #endif
| #ifdef HAVE_UNISTD_H
| # include <unistd.h>
| #endif
| int
| main (void)
| {
| if (sizeof ((ptrdiff_t)))
| 	    return 0;
|   ;
|   return 0;
| }
configure:6678: result: yes
configure:6688: checking for socklen_t
configure:6688: gcc -c -g -O2  -I/usr/include -I/usr/include conftest.c >&5
configure:6688: $? = 0
configure:6688: gcc -c -g -O2  -I/usr/include -I/usr/include conftest.c >&5
conftest.c: In function 'main':
conftest.c:55:24: error: expected expression before ')' token
   55 | if (sizeof ((socklen_t)))
      |                        ^
configure:6688: $? = 1
configure: failed program was:
| /* confdefs.h */
| #define PACKAGE_NAME "RCSSServer"
| #define PACKAGE_TARNAME "rcssserver"
| #define PACKAGE_VERSION "19.0.0"
| #define PACKAGE_STRING "RCSSServer 19.0.0"
| #define PACKAGE_BUGREPORT "https://github.com/rcsoccersim/"
| #define PACKAGE_URL ""
| #define PACKAGE "rcssserver"
| #define VERSION "19.0.0"
| #define HAVE_LIBM 1
| #define HAVE_STDIO_H 1
| #define HAVE_STDLIB_H 1
| #define HAVE_STRING_H 1
| #define HAVE_INTTYPES_H 1
| #define HAVE_STDINT_H 1
| #define HAVE_STRINGS_H 1
| #define HAVE_SYS_STAT_H 1
| #define HAVE_SYS_TYPES_H 1
| #define HAVE_UNISTD_H 1
| #define HAVE_SYS_SELECT_H 1
| #define HAVE_SYS_SOCKET_H 1
| #define STDC_HEADERS 1
| #define HAVE_LIBZ 1
| #define HAVE_ALLOCA_H 1
| #define HAVE_ALLOCA 1
| #define HAVE_ARPA_INET_H 1
| #define HAVE_FCNTL_H 1
| #define HAVE_INTTYPES_H 1
| #define HAVE_LIBINTL_H 1
| #define HAVE_LIBINTL_H 1
| #define HAVE_MALLOC_H 1
| #define HAVE_NETDB_H 1
| #define HAVE_NETINET_IN_H 1
| #define HAVE_POLL_H 1
| #define HAVE_PWD_H 1
| #define HAVE_STDDEF_H 1
| #define HAVE_STDLIB_H 1
| #define HAVE_SYS_PARAM_H 1
| #define HAVE_SYS_SOCKET_H 1
| #define HAVE_SYS_TIME_H 1
| #define HAVE_SYS_TYPES_H 1
| #define HAVE_UNISTD_H 1
| #define HAVE__BOOL 1
| #define HAVE_STDBOOL_H 1
| #define HAVE_PTRDIFF_T 1
| /* end confdefs.h.  */
| 
| #include <sys/types.h>
| #include <sys/socket.h>
| 
| 
| int
| main (void)
| {
| if (sizeof ((socklen_t)))
| 	    return 0;
|   ;
|   return 0;
| }
configure:6688: result: yes
configure:6708: checking for pid_t
configure:6708: gcc -c -g -O2  -I/usr/include -I/usr/include conftest.c >&5
configure:6708: $? = 0
configure:6708: gcc -c -g -O2  -I/usr/include -I/usr/include conftest.c >&5
conftest.c: In function 'main':
conftest.c:80:20: error: expected expression before ')' token
   80 | if (sizeof ((pid_t)))
      |                    ^
configure:6708: $? = 1
configure: failed program was:
| /* confdefs.h */
| #define PACKAGE_NAME "RCSSServer"
| #define PACKAGE_TARNAME "rcssserver"
| #define PACKAGE_VERSION "19.0.0"
| #define PACKAGE_STRING "RCSSServer 19.0.0"
| #define PACKAGE_BUGREPORT "https://github.com/rcsoccersim/"
| #define PACKAGE_URL ""
| #define PACKAGE "rcssserver"
| #define VERSION "19.0.0"
| #define HAVE_LIBM 1
| #define HAVE_STDIO_H 1
| #define HAVE_STDLIB_H 1
| #define HAVE_STRING_H 1
| #define HAVE_INTTYPES_H 1
| #define HAVE_STDINT_H 1
| #define HAVE_STRINGS_H 1
| #define HAVE_SYS_STAT_H 1
| #define HAVE_SYS_TYPES_H 1
| #define HAVE_UNISTD_H 1
| #define HAVE_SYS_SELECT_H 1
| #define HAVE_SYS_SOCKET_H 1
| #define STDC_HEADERS 1
| #define HAVE_LIBZ 1
| #define HAVE_ALLOCA_H 1
| #define HAVE_ALLOCA 1
| #define HAVE_ARPA_INET_H 1
| #define HAVE_FCNTL_H 1
| #define HAVE_INTTYPES_H 1
| #define HAVE_LIBINTL_H 1
| #define HAVE_LIBINTL_H 1
| #define HAVE_MALLOC_H 1
| #define HAVE_NETDB_H 1
| #define HAVE_NETINET_IN_H 1
| #define HAVE_POLL_H 1
| #define HAVE_PWD_H 1
| #define HAVE_STDDEF_H 1
| #define HAVE_STDLIB_H 1
| #define HAVE_SYS_PARAM_H 1
| #define HAVE_SYS_SOCKET_H 1
| #define HAVE_SYS_TIME_H 1
| #define HAVE_SYS_TYPES_H 1
| #define HAVE_UNISTD_H 1
| #define HAVE__BOOL 1
| #define HAVE_STDBOOL_H 1
| #define HAVE_PTRDIFF_T 1
| #define HAVE_SOCKLEN_T 1
| /* end confdefs.h.  */
| #include <stddef.h>
| #ifdef HAVE_STDIO_H
| # include <stdio.h>
| #endif
| #ifdef HAVE_STDLIB_H
| # include <stdlib.h>
| #endif
| #ifdef HAVE_STRING_H
| # include <string.h>
| #endif
| #ifdef HAVE_INTTYPES_H
| # include <inttypes.h>
| #endif
| #ifdef HAVE_STDINT_H
| # include <stdint.h>
| #endif
| #ifdef HAVE_STRINGS_H
| # include <strings.h>
| #endif
| #ifdef HAVE_SYS_TYPES_H
| # include <sys/types.h>
| #endif
| #ifdef HAVE_SYS_STAT_H
| # include <sys/stat.h>
| #endif
| #ifdef HAVE_UNISTD_H
| # include <unistd.h>
| #endif
| 
| int
| main (void)
| {
| if (sizeof ((pid_t)))
| 	    return 0;
|   ;
|   return 0;
| }
configure:6708: result: yes
configure:6749: checking for fork
configure:6749: gcc -o conftest -g -O2  -I/usr/include -I/usr/include  -L/usr/lib -L/usr/lib conftest.c -lz -lm  >&5
conftest.c:64:6: warning: conflicting types for built-in function 'fork'; expected 'int(void)' [-Wbuiltin-declaration-mismatch]
   64 | char fork ();
      |      ^~~~
configure:6749: $? = 0
configure:6749: result: yes
configure:6749: checking for vfork
configure:6749: gcc -o conftest -g -O2  -I/usr/include -I/usr/include  -L/usr/lib -L/usr/lib conftest.c -lz -lm  >&5
configure:6749: $? = 0
configure:6749: result: yes
configure:6762: checking for working fork
configure:6786: gcc -o conftest -g -O2  -I/usr/include -I/usr/include  -L/usr/lib -L/usr/lib conftest.c -lz -lm  >&5
configure:6786: $? = 0
configure:6786: ./conftest
configure:6786: $? = 0
configure:6797: result: yes
configure:6818: checking for working vfork
configure:6947: result: yes
configure:6978: checking build system type
configure:6993: result: x86_64-pc-linux-gnu
configure:7013: checking host system type
configure:7027: result: x86_64-pc-linux-gnu
configure:7047: checking for GNU libc compatible malloc
configure:7079: gcc -o conftest -g -O2  -I/usr/include -I/usr/include  -L/usr/lib -L/usr/lib conftest.c -lz -lm  >&5
configure:7079: $? = 0
configure:7079: ./conftest
configure:7079: $? = 0
configure:7090: result: yes
configure:7112: checking for GNU libc compatible realloc
configure:7144: gcc -o conftest -g -O2  -I/usr/include -I/usr/include  -L/usr/lib -L/usr/lib conftest.c -lz -lm  >&5
configure:7144: $? = 0
configure:7144: ./conftest
configure:7144: $? = 0
configure:7155: result: yes
configure:7177: checking return type of signal handlers
configure:7196: gcc -c -g -O2  -I/usr/include -I/usr/include conftest.c >&5
conftest.c: In function 'main':
conftest.c:60:10: error: void value not ignored as it ought to be
   60 | return *(signal (0, 0)) (0) == 1;
      |         ~^~~~~~~~~~~~~~~~~~
configure:7196: $? = 1
configure: failed program was:
| /* confdefs.h */
| #define PACKAGE_NAME "RCSSServer"
| #define PACKAGE_TARNAME "rcssserver"
| #define PACKAGE_VERSION "19.0.0"
| #define PACKAGE_STRING "RCSSServer 19.0.0"
| #define PACKAGE_BUGREPORT "https://github.com/rcsoccersim/"
| #define PACKAGE_URL ""
| #define PACKAGE "rcssserver"
| #define VERSION "19.0.0"
| #define HAVE_LIBM 1
| #define HAVE_STDIO_H 1
| #define HAVE_STDLIB_H 1
| #define HAVE_STRING_H 1
| #define HAVE_INTTYPES_H 1
| #define HAVE_STDINT_H 1
| #define HAVE_STRINGS_H 1
| #define HAVE_SYS_STAT_H 1
| #define HAVE_SYS_TYPES_H 1
| #define HAVE_UNISTD_H 1
| #define HAVE_SYS_SELECT_H 1
| #define HAVE_SYS_SOCKET_H 1
| #define STDC_HEADERS 1
| #define HAVE_LIBZ 1
| #define HAVE_ALLOCA_H 1
| #define HAVE_ALLOCA 1
| #define HAVE_ARPA_INET_H 1
| #define HAVE_FCNTL_H 1
| #define HAVE_INTTYPES_H 1
| #define HAVE_LIBINTL_H 1
| #define HAVE_LIBINTL_H 1
| #define HAVE_MALLOC_H 1
| #define HAVE_NETDB_H 1
| #define HAVE_NETINET_IN_H 1
| #define HAVE_POLL_H 1
| #define HAVE_PWD_H 1
| #define HAVE_STDDEF_H 1
| #define HAVE_STDLIB_H 1
| #define HAVE_SYS_PARAM_H 1
| #define HAVE_SYS_SOCKET_H 1
| #define HAVE_SYS_TIME_H 1
| #define HAVE_SYS_TYPES_H 1
| #define HAVE_UNISTD_H 1
| #define HAVE__BOOL 1
| #define HAVE_STDBOOL_H 1
| #define HAVE_PTRDIFF_T 1
| #define HAVE_SOCKLEN_T 1
| #define HAVE_FORK 1
| #define HAVE_VFORK 1
| #define HAVE_WORKING_VFORK 1
| #define HAVE_WORKING_FORK 1
| #define HAVE_MALLOC 1
| #define HAVE_REALLOC 1
| /* end confdefs.h.  */
| #include <sys/types.h>
| #include <signal.h>
| 
| int
| main (void)
| {
| return *(signal (0, 0)) (0) == 1;
|   ;
|   return 0;
| }
configure:7204: result: void
configure:7213: checking for strftime
configure:7213: gcc -o conftest -g -O2  -I/usr/include -I/usr/include  -L/usr/lib -L/usr/lib conftest.c -lz -lm  >&5
conftest.c:71:6: warning: conflicting types for built-in function 'strftime'; expected 'long unsigned int(char *, long unsigned int,  const char *, const void *)' [-Wbuiltin-declaration-mismatch]
   71 | char strftime ();
      |      ^~~~~~~~
conftest.c:63:1: note: 'strftime' is declared in header '<time.h>'
   62 | #include <limits.h>
   63 | #undef strftime
configure:7213: $? = 0
configure:7213: result: yes
configure:7265: checking for floor
configure:7265: gcc -o conftest -g -O2  -I/usr/include -I/usr/include  -L/usr/lib -L/usr/lib conftest.c -lz -lm  >&5
conftest.c:72:6: warning: conflicting types for built-in function 'floor'; expected 'double(double)' [-Wbuiltin-declaration-mismatch]
   72 | char floor ();
      |      ^~~~~
conftest.c:64:1: note: 'floor' is declared in header '<math.h>'
   63 | #include <limits.h>
   64 | #undef floor
configure:7265: $? = 0
configure:7265: result: yes
configure:7271: checking for gethostbyname
configure:7271: gcc -o conftest -g -O2  -I/usr/include -I/usr/include  -L/usr/lib -L/usr/lib conftest.c -lz -lm  >&5
configure:7271: $? = 0
configure:7271: result: yes
configure:7277: checking for gettimeofday
configure:7277: gcc -o conftest -g -O2  -I/usr/include -I/usr/include  -L/usr/lib -L/usr/lib conftest.c -lz -lm  >&5
configure:7277: $? = 0
configure:7277: result: yes
configure:7283: checking for inet_ntoa
configure:7283: gcc -o conftest -g -O2  -I/usr/include -I/usr/include  -L/usr/lib -L/usr/lib conftest.c -lz -lm  >&5
configure:7283: $? = 0
configure:7283: result: yes
configure:7289: checking for memset
configure:7289: gcc -o conftest -g -O2  -I/usr/include -I/usr/include  -L/usr/lib -L/usr/lib conftest.c -lz -lm  >&5
conftest.c:76:6: warning: conflicting types for built-in function 'memset'; expected 'void *(void *, int,  long unsigned int)' [-Wbuiltin-declaration-mismatch]
   76 | char memset ();
      |      ^~~~~~
conftest.c:68:1: note: 'memset' is declared in header '<string.h>'
   67 | #include <limits.h>
   68 | #undef memset
configure:7289: $? = 0
configure:7289: result: yes
configure:7295: checking for mkdir
configure:7295: gcc -o conftest -g -O2  -I/usr/include -I/usr/include  -L/usr/lib -L/usr/lib conftest.c -lz -lm  >&5
configure:7295: $? = 0
configure:7295: result: yes
configure:7301: checking for pow
configure:7301: gcc -o conftest -g -O2  -I/usr/include -I/usr/include  -L/usr/lib -L/usr/lib conftest.c -lz -lm  >&5
conftest.c:78:6: warning: conflicting types for built-in function 'pow'; expected 'double(double,  double)' [-Wbuiltin-declaration-mismatch]
   78 | char pow ();
      |      ^~~
conftest.c:70:1: note: 'pow' is declared in header '<math.h>'
   69 | #include <limits.h>
   70 | #undef pow
configure:7301: $? = 0
configure:7301: result: yes
configure:7307: checking for rint
configure:7307: gcc -o conftest -g -O2  -I/usr/include -I/usr/include  -L/usr/lib -L/usr/lib conftest.c -lz -lm  >&5
conftest.c:79:6: warning: conflicting types for built-in function 'rint'; expected 'double(double)' [-Wbuiltin-declaration-mismatch]
   79 | char rint ();
      |      ^~~~
conftest.c:71:1: note: 'rint' is declared in header '<math.h>'
   70 | #include <limits.h>
   71 | #undef rint
configure:7307: $? = 0
configure:7307: result: yes
configure:7314: checking for select
configure:7314: gcc -o conftest -g -O2  -I/usr/include -I/usr/include  -L/usr/lib -L/usr/lib conftest.c -lz -lm  >&5
configure:7314: $? = 0
configure:7314: result: yes
configure:7320: checking for socket
configure:7320: gcc -o conftest -g -O2  -I/usr/include -I/usr/include  -L/usr/lib -L/usr/lib conftest.c -lz -lm  >&5
configure:7320: $? = 0
configure:7320: result: yes
configure:7326: checking for sqrt
configure:7326: gcc -o conftest -g -O2  -I/usr/include -I/usr/include  -L/usr/lib -L/usr/lib conftest.c -lz -lm  >&5
conftest.c:82:6: warning: conflicting types for built-in function 'sqrt'; expected 'double(double)' [-Wbuiltin-declaration-mismatch]
   82 | char sqrt ();
      |      ^~~~
conftest.c:74:1: note: 'sqrt' is declared in header '<math.h>'
   73 | #include <limits.h>
   74 | #undef sqrt
configure:7326: $? = 0
configure:7326: result: yes
configure:7332: checking for strdup
configure:7332: gcc -o conftest -g -O2  -I/usr/include -I/usr/include  -L/usr/lib -L/usr/lib conftest.c -lz -lm  >&5
conftest.c:83:6: warning: conflicting types for built-in function 'strdup'; expected 'char *(const char *)' [-Wbuiltin-declaration-mismatch]
   83 | char strdup ();
      |      ^~~~~~
configure:7332: $? = 0
configure:7332: result: yes
configure:7338: checking for strerror
configure:7338: gcc -o conftest -g -O2  -I/usr/include -I/usr/include  -L/usr/lib -L/usr/lib conftest.c -lz -lm  >&5
configure:7338: $? = 0
configure:7338: result: yes
configure:7365: checking for flex
configure:7386: found /usr/bin/flex
configure:7397: result: flex
configure:7446: checking for lex output file root
configure:7459: flex conftest.l
configure:7463: $? = 0
configure:7471: result: lex.yy
configure:7486: checking for lex library
configure:7511: gcc -o conftest -g -O2  -I/usr/include -I/usr/include  -L/usr/lib -L/usr/lib conftest.c -lz -lm  >&5
configure:7511: $? = 0
configure:7524: result: none needed
configure:7539: checking for library containing yywrap
configure:7569: gcc -o conftest -g -O2  -I/usr/include -I/usr/include  -L/usr/lib -L/usr/lib conftest.c  >&5
/usr/bin/ld: /tmp/ccGjjU8G.o: in function `main':
/home/lcabriq/oesia/TB/rcssserver-19.0.0/conftest.c:77: undefined reference to `yywrap'
collect2: error: ld returned 1 exit status
configure:7569: $? = 1
configure: failed program was:
| /* confdefs.h */
| #define PACKAGE_NAME "RCSSServer"
| #define PACKAGE_TARNAME "rcssserver"
| #define PACKAGE_VERSION "19.0.0"
| #define PACKAGE_STRING "RCSSServer 19.0.0"
| #define PACKAGE_BUGREPORT "https://github.com/rcsoccersim/"
| #define PACKAGE_URL ""
| #define PACKAGE "rcssserver"
| #define VERSION "19.0.0"
| #define HAVE_LIBM 1
| #define HAVE_STDIO_H 1
| #define HAVE_STDLIB_H 1
| #define HAVE_STRING_H 1
| #define HAVE_INTTYPES_H 1
| #define HAVE_STDINT_H 1
| #define HAVE_STRINGS_H 1
| #define HAVE_SYS_STAT_H 1
| #define HAVE_SYS_TYPES_H 1
| #define HAVE_UNISTD_H 1
| #define HAVE_SYS_SELECT_H 1
| #define HAVE_SYS_SOCKET_H 1
| #define STDC_HEADERS 1
| #define HAVE_LIBZ 1
| #define HAVE_ALLOCA_H 1
| #define HAVE_ALLOCA 1
| #define HAVE_ARPA_INET_H 1
| #define HAVE_FCNTL_H 1
| #define HAVE_INTTYPES_H 1
| #define HAVE_LIBINTL_H 1
| #define HAVE_LIBINTL_H 1
| #define HAVE_MALLOC_H 1
| #define HAVE_NETDB_H 1
| #define HAVE_NETINET_IN_H 1
| #define HAVE_POLL_H 1
| #define HAVE_PWD_H 1
| #define HAVE_STDDEF_H 1
| #define HAVE_STDLIB_H 1
| #define HAVE_SYS_PARAM_H 1
| #define HAVE_SYS_SOCKET_H 1
| #define HAVE_SYS_TIME_H 1
| #define HAVE_SYS_TYPES_H 1
| #define HAVE_UNISTD_H 1
| #define HAVE__BOOL 1
| #define HAVE_STDBOOL_H 1
| #define HAVE_PTRDIFF_T 1
| #define HAVE_SOCKLEN_T 1
| #define HAVE_FORK 1
| #define HAVE_VFORK 1
| #define HAVE_WORKING_VFORK 1
| #define HAVE_WORKING_FORK 1
| #define HAVE_MALLOC 1
| #define HAVE_REALLOC 1
| #define RETSIGTYPE void
| #define HAVE_STRFTIME 1
| #define HAVE_FLOOR 1
| #define HAVE_GETHOSTBYNAME 1
| #define HAVE_GETTIMEOFDAY 1
| #define HAVE_INET_NTOA 1
| #define HAVE_MEMSET 1
| #define HAVE_MKDIR 1
| #define HAVE_POW 1
| #define HAVE_RINT 1
| #define HAVE_SELECT 1
| #define HAVE_SOCKET 1
| #define HAVE_SQRT 1
| #define HAVE_STRDUP 1
| #define HAVE_STRERROR 1
| /* end confdefs.h.  */
| 
| /* Override any GCC internal prototype to avoid an error.
|    Use char because int might match the return type of a GCC
|    builtin and then its argument prototype would still apply.  */
| char yywrap ();
| int
| main (void)
| {
| return yywrap ();
|   ;
|   return 0;
| }
configure:7569: gcc -o conftest -g -O2  -I/usr/include -I/usr/include  -L/usr/lib -L/usr/lib conftest.c -lfl   >&5
/usr/bin/ld: /usr/lib/gcc/x86_64-linux-gnu/11/../../../x86_64-linux-gnu/libfl.so: undefined reference to `yylex'
collect2: error: ld returned 1 exit status
configure:7569: $? = 1
configure: failed program was:
| /* confdefs.h */
| #define PACKAGE_NAME "RCSSServer"
| #define PACKAGE_TARNAME "rcssserver"
| #define PACKAGE_VERSION "19.0.0"
| #define PACKAGE_STRING "RCSSServer 19.0.0"
| #define PACKAGE_BUGREPORT "https://github.com/rcsoccersim/"
| #define PACKAGE_URL ""
| #define PACKAGE "rcssserver"
| #define VERSION "19.0.0"
| #define HAVE_LIBM 1
| #define HAVE_STDIO_H 1
| #define HAVE_STDLIB_H 1
| #define HAVE_STRING_H 1
| #define HAVE_INTTYPES_H 1
| #define HAVE_STDINT_H 1
| #define HAVE_STRINGS_H 1
| #define HAVE_SYS_STAT_H 1
| #define HAVE_SYS_TYPES_H 1
| #define HAVE_UNISTD_H 1
| #define HAVE_SYS_SELECT_H 1
| #define HAVE_SYS_SOCKET_H 1
| #define STDC_HEADERS 1
| #define HAVE_LIBZ 1
| #define HAVE_ALLOCA_H 1
| #define HAVE_ALLOCA 1
| #define HAVE_ARPA_INET_H 1
| #define HAVE_FCNTL_H 1
| #define HAVE_INTTYPES_H 1
| #define HAVE_LIBINTL_H 1
| #define HAVE_LIBINTL_H 1
| #define HAVE_MALLOC_H 1
| #define HAVE_NETDB_H 1
| #define HAVE_NETINET_IN_H 1
| #define HAVE_POLL_H 1
| #define HAVE_PWD_H 1
| #define HAVE_STDDEF_H 1
| #define HAVE_STDLIB_H 1
| #define HAVE_SYS_PARAM_H 1
| #define HAVE_SYS_SOCKET_H 1
| #define HAVE_SYS_TIME_H 1
| #define HAVE_SYS_TYPES_H 1
| #define HAVE_UNISTD_H 1
| #define HAVE__BOOL 1
| #define HAVE_STDBOOL_H 1
| #define HAVE_PTRDIFF_T 1
| #define HAVE_SOCKLEN_T 1
| #define HAVE_FORK 1
| #define HAVE_VFORK 1
| #define HAVE_WORKING_VFORK 1
| #define HAVE_WORKING_FORK 1
| #define HAVE_MALLOC 1
| #define HAVE_REALLOC 1
| #define RETSIGTYPE void
| #define HAVE_STRFTIME 1
| #define HAVE_FLOOR 1
| #define HAVE_GETHOSTBYNAME 1
| #define HAVE_GETTIMEOFDAY 1
| #define HAVE_INET_NTOA 1
| #define HAVE_MEMSET 1
| #define HAVE_MKDIR 1
| #define HAVE_POW 1
| #define HAVE_RINT 1
| #define HAVE_SELECT 1
| #define HAVE_SOCKET 1
| #define HAVE_SQRT 1
| #define HAVE_STRDUP 1
| #define HAVE_STRERROR 1
| /* end confdefs.h.  */
| 
| /* Override any GCC internal prototype to avoid an error.
|    Use char because int might match the return type of a GCC
|    builtin and then its argument prototype would still apply.  */
| char yywrap ();
| int
| main (void)
| {
| return yywrap ();
|   ;
|   return 0;
| }
configure:7569: gcc -o conftest -g -O2  -I/usr/include -I/usr/include  -L/usr/lib -L/usr/lib conftest.c -ll   >&5
configure:7569: $? = 0
configure:7589: result: -ll
configure:7605: checking whether yytext is a pointer
configure:7621: gcc -c -g -O2  -I/usr/include -I/usr/include conftest.c >&5
configure:7621: $? = 0
configure:7628: result: yes
configure:7643: checking for grep that handles long lines and -e
configure:7707: result: /usr/bin/grep
configure:7712: checking for egrep
configure:7780: result: /usr/bin/grep -E
configure:7789: checking if flex is the lexer generator
configure:7804: result: yes
configure:7831: checking for bison
configure:7852: found /usr/bin/bison
configure:7863: result: bison -y
configure:7879: checking if bison is the parser generator
configure:7894: result: yes
configure:8025: checking how to print strings
configure:8052: result: printf
configure:8073: checking for a sed that does not truncate output
configure:8143: result: /usr/bin/sed
configure:8161: checking for fgrep
configure:8229: result: /usr/bin/grep -F
configure:8265: checking for ld used by gcc
configure:8333: result: /usr/bin/ld
configure:8340: checking if the linker (/usr/bin/ld) is GNU ld
configure:8356: result: yes
configure:8368: checking for BSD- or MS-compatible name lister (nm)
configure:8423: result: /usr/bin/nm -B
configure:8563: checking the name lister (/usr/bin/nm -B) interface
configure:8571: gcc -c -g -O2  -I/usr/include -I/usr/include conftest.c >&5
configure:8574: /usr/bin/nm -B "conftest.o"
configure:8577: output
0000000000000000 B some_variable
configure:8584: result: BSD nm
configure:8588: checking the maximum length of command line arguments
configure:8720: result: 1572864
configure:8768: checking how to convert x86_64-pc-linux-gnu file names to x86_64-pc-linux-gnu format
configure:8809: result: func_convert_file_noop
configure:8816: checking how to convert x86_64-pc-linux-gnu file names to toolchain format
configure:8837: result: func_convert_file_noop
configure:8844: checking for /usr/bin/ld option to reload object files
configure:8852: result: -r
configure:8931: checking for objdump
configure:8952: found /usr/bin/objdump
configure:8963: result: objdump
configure:8995: checking how to recognize dependent libraries
configure:9196: result: pass_all
configure:9286: checking for dlltool
configure:9321: result: no
configure:9351: checking how to associate runtime and link libraries
configure:9379: result: printf %s\n
configure:9444: checking for ar
configure:9465: found /usr/bin/ar
configure:9476: result: ar
configure:9513: checking for archiver @FILE support
configure:9531: gcc -c -g -O2  -I/usr/include -I/usr/include conftest.c >&5
configure:9531: $? = 0
configure:9535: ar cr libconftest.a @conftest.lst >&5
configure:9538: $? = 0
configure:9543: ar cr libconftest.a @conftest.lst >&5
ar: conftest.o: No such file or directory
configure:9546: $? = 1
configure:9558: result: @
configure:9621: checking for strip
configure:9642: found /usr/bin/strip
configure:9653: result: strip
configure:9730: checking for ranlib
configure:9751: found /usr/bin/ranlib
configure:9762: result: ranlib
configure:9864: checking command to parse /usr/bin/nm -B output from gcc object
configure:10018: gcc -c -g -O2  -I/usr/include -I/usr/include conftest.c >&5
configure:10021: $? = 0
configure:10025: /usr/bin/nm -B conftest.o | sed -n -e 's/^.*[	 ]\([ABCDGIRSTW][ABCDGIRSTW]*\)[	 ][	 ]*\([_A-Za-z][_A-Za-z0-9]*\)$/\1 \2 \2/p' | sed '/ __gnu_lto/d' > conftest.nm
configure:10091: gcc -o conftest -g -O2  -I/usr/include -I/usr/include  -L/usr/lib -L/usr/lib conftest.c conftstm.o >&5
configure:10094: $? = 0
configure:10132: result: ok
configure:10179: checking for sysroot
configure:10210: result: no
configure:10217: checking for a working dd
configure:10261: result: /usr/bin/dd
configure:10265: checking how to truncate binary pipes
configure:10281: result: /usr/bin/dd bs=4096 count=1
configure:10418: gcc -c -g -O2  -I/usr/include -I/usr/include conftest.c >&5
configure:10421: $? = 0
configure:10618: checking for mt
configure:10639: found /usr/bin/mt
configure:10650: result: mt
configure:10673: checking if mt is a manifest tool
configure:10680: mt '-?'
configure:10688: result: no
configure:11414: checking for dlfcn.h
configure:11414: gcc -c -g -O2  -I/usr/include -I/usr/include conftest.c >&5
configure:11414: $? = 0
configure:11414: result: yes
configure:11622: checking for objdir
configure:11638: result: .libs
configure:11902: checking if gcc supports -fno-rtti -fno-exceptions
configure:11921: gcc -c -g -O2  -I/usr/include -I/usr/include -fno-rtti -fno-exceptions conftest.c >&5
cc1: warning: command-line option '-fno-rtti' is valid for C++/D/ObjC++ but not for C
configure:11925: $? = 0
configure:11938: result: no
configure:12302: checking for gcc option to produce PIC
configure:12310: result: -fPIC -DPIC
configure:12318: checking if gcc PIC flag -fPIC -DPIC works
configure:12337: gcc -c -g -O2  -I/usr/include -I/usr/include -fPIC -DPIC -DPIC conftest.c >&5
configure:12341: $? = 0
configure:12354: result: yes
configure:12383: checking if gcc static flag -static works
configure:12412: result: yes
configure:12427: checking if gcc supports -c -o file.o
configure:12449: gcc -c -g -O2  -I/usr/include -I/usr/include -o out/conftest2.o conftest.c >&5
configure:12453: $? = 0
configure:12475: result: yes
configure:12483: checking if gcc supports -c -o file.o
configure:12531: result: yes
configure:12564: checking whether the gcc linker (/usr/bin/ld -m elf_x86_64) supports shared libraries
configure:13834: result: yes
configure:13871: checking whether -lc should be explicitly linked in
configure:13880: gcc -c -g -O2  -I/usr/include -I/usr/include conftest.c >&5
configure:13883: $? = 0
configure:13898: gcc -shared  -fPIC -DPIC conftest.o  -v -Wl,-soname -Wl,conftest -o conftest 2\>\&1 \| /usr/bin/grep  -lc  \>/dev/null 2\>\&1
configure:13901: $? = 0
configure:13915: result: no
configure:14075: checking dynamic linker characteristics
configure:14657: gcc -o conftest -g -O2  -I/usr/include -I/usr/include  -L/usr/lib -L/usr/lib -Wl,-rpath -Wl,/foo conftest.c -lz -lm  >&5
configure:14657: $? = 0
configure:14908: result: GNU/Linux ld.so
configure:15030: checking how to hardcode library paths into programs
configure:15055: result: immediate
configure:15607: checking whether stripping libraries is possible
configure:15612: result: yes
configure:15647: checking if libtool supports shared libraries
configure:15649: result: yes
configure:15652: checking whether to build shared libraries
configure:15677: result: yes
configure:15680: checking whether to build static libraries
configure:15684: result: no
configure:15707: checking how to run the C++ preprocessor
configure:15729: g++ -E  -I/usr/include -I/usr/include conftest.cpp
configure:15729: $? = 0
configure:15744: g++ -E  -I/usr/include -I/usr/include conftest.cpp
conftest.cpp:72:10: fatal error: ac_nonexistent.h: No such file or directory
   72 | #include <ac_nonexistent.h>
      |          ^~~~~~~~~~~~~~~~~~
compilation terminated.
configure:15744: $? = 1
configure: failed program was:
| /* confdefs.h */
| #define PACKAGE_NAME "RCSSServer"
| #define PACKAGE_TARNAME "rcssserver"
| #define PACKAGE_VERSION "19.0.0"
| #define PACKAGE_STRING "RCSSServer 19.0.0"
| #define PACKAGE_BUGREPORT "https://github.com/rcsoccersim/"
| #define PACKAGE_URL ""
| #define PACKAGE "rcssserver"
| #define VERSION "19.0.0"
| #define HAVE_LIBM 1
| #define HAVE_STDIO_H 1
| #define HAVE_STDLIB_H 1
| #define HAVE_STRING_H 1
| #define HAVE_INTTYPES_H 1
| #define HAVE_STDINT_H 1
| #define HAVE_STRINGS_H 1
| #define HAVE_SYS_STAT_H 1
| #define HAVE_SYS_TYPES_H 1
| #define HAVE_UNISTD_H 1
| #define HAVE_SYS_SELECT_H 1
| #define HAVE_SYS_SOCKET_H 1
| #define STDC_HEADERS 1
| #define HAVE_LIBZ 1
| #define HAVE_ALLOCA_H 1
| #define HAVE_ALLOCA 1
| #define HAVE_ARPA_INET_H 1
| #define HAVE_FCNTL_H 1
| #define HAVE_INTTYPES_H 1
| #define HAVE_LIBINTL_H 1
| #define HAVE_LIBINTL_H 1
| #define HAVE_MALLOC_H 1
| #define HAVE_NETDB_H 1
| #define HAVE_NETINET_IN_H 1
| #define HAVE_POLL_H 1
| #define HAVE_PWD_H 1
| #define HAVE_STDDEF_H 1
| #define HAVE_STDLIB_H 1
| #define HAVE_SYS_PARAM_H 1
| #define HAVE_SYS_SOCKET_H 1
| #define HAVE_SYS_TIME_H 1
| #define HAVE_SYS_TYPES_H 1
| #define HAVE_UNISTD_H 1
| #define HAVE__BOOL 1
| #define HAVE_STDBOOL_H 1
| #define HAVE_PTRDIFF_T 1
| #define HAVE_SOCKLEN_T 1
| #define HAVE_FORK 1
| #define HAVE_VFORK 1
| #define HAVE_WORKING_VFORK 1
| #define HAVE_WORKING_FORK 1
| #define HAVE_MALLOC 1
| #define HAVE_REALLOC 1
| #define RETSIGTYPE void
| #define HAVE_STRFTIME 1
| #define HAVE_FLOOR 1
| #define HAVE_GETHOSTBYNAME 1
| #define HAVE_GETTIMEOFDAY 1
| #define HAVE_INET_NTOA 1
| #define HAVE_MEMSET 1
| #define HAVE_MKDIR 1
| #define HAVE_POW 1
| #define HAVE_RINT 1
| #define HAVE_SELECT 1
| #define HAVE_SOCKET 1
| #define HAVE_SQRT 1
| #define HAVE_STRDUP 1
| #define HAVE_STRERROR 1
| #define YYTEXT_POINTER 1
| #define HAVE_DLFCN_H 1
| #define LT_OBJDIR ".libs/"
| /* end confdefs.h.  */
| #include <ac_nonexistent.h>
configure:15771: result: g++ -E
configure:15785: g++ -E  -I/usr/include -I/usr/include conftest.cpp
configure:15785: $? = 0
configure:15800: g++ -E  -I/usr/include -I/usr/include conftest.cpp
conftest.cpp:72:10: fatal error: ac_nonexistent.h: No such file or directory
   72 | #include <ac_nonexistent.h>
      |          ^~~~~~~~~~~~~~~~~~
compilation terminated.
configure:15800: $? = 1
configure: failed program was:
| /* confdefs.h */
| #define PACKAGE_NAME "RCSSServer"
| #define PACKAGE_TARNAME "rcssserver"
| #define PACKAGE_VERSION "19.0.0"
| #define PACKAGE_STRING "RCSSServer 19.0.0"
| #define PACKAGE_BUGREPORT "https://github.com/rcsoccersim/"
| #define PACKAGE_URL ""
| #define PACKAGE "rcssserver"
| #define VERSION "19.0.0"
| #define HAVE_LIBM 1
| #define HAVE_STDIO_H 1
| #define HAVE_STDLIB_H 1
| #define HAVE_STRING_H 1
| #define HAVE_INTTYPES_H 1
| #define HAVE_STDINT_H 1
| #define HAVE_STRINGS_H 1
| #define HAVE_SYS_STAT_H 1
| #define HAVE_SYS_TYPES_H 1
| #define HAVE_UNISTD_H 1
| #define HAVE_SYS_SELECT_H 1
| #define HAVE_SYS_SOCKET_H 1
| #define STDC_HEADERS 1
| #define HAVE_LIBZ 1
| #define HAVE_ALLOCA_H 1
| #define HAVE_ALLOCA 1
| #define HAVE_ARPA_INET_H 1
| #define HAVE_FCNTL_H 1
| #define HAVE_INTTYPES_H 1
| #define HAVE_LIBINTL_H 1
| #define HAVE_LIBINTL_H 1
| #define HAVE_MALLOC_H 1
| #define HAVE_NETDB_H 1
| #define HAVE_NETINET_IN_H 1
| #define HAVE_POLL_H 1
| #define HAVE_PWD_H 1
| #define HAVE_STDDEF_H 1
| #define HAVE_STDLIB_H 1
| #define HAVE_SYS_PARAM_H 1
| #define HAVE_SYS_SOCKET_H 1
| #define HAVE_SYS_TIME_H 1
| #define HAVE_SYS_TYPES_H 1
| #define HAVE_UNISTD_H 1
| #define HAVE__BOOL 1
| #define HAVE_STDBOOL_H 1
| #define HAVE_PTRDIFF_T 1
| #define HAVE_SOCKLEN_T 1
| #define HAVE_FORK 1
| #define HAVE_VFORK 1
| #define HAVE_WORKING_VFORK 1
| #define HAVE_WORKING_FORK 1
| #define HAVE_MALLOC 1
| #define HAVE_REALLOC 1
| #define RETSIGTYPE void
| #define HAVE_STRFTIME 1
| #define HAVE_FLOOR 1
| #define HAVE_GETHOSTBYNAME 1
| #define HAVE_GETTIMEOFDAY 1
| #define HAVE_INET_NTOA 1
| #define HAVE_MEMSET 1
| #define HAVE_MKDIR 1
| #define HAVE_POW 1
| #define HAVE_RINT 1
| #define HAVE_SELECT 1
| #define HAVE_SOCKET 1
| #define HAVE_SQRT 1
| #define HAVE_STRDUP 1
| #define HAVE_STRERROR 1
| #define YYTEXT_POINTER 1
| #define HAVE_DLFCN_H 1
| #define LT_OBJDIR ".libs/"
| /* end confdefs.h.  */
| #include <ac_nonexistent.h>
configure:15965: checking for ld used by g++
configure:16033: result: /usr/bin/ld -m elf_x86_64
configure:16040: checking if the linker (/usr/bin/ld -m elf_x86_64) is GNU ld
configure:16056: result: yes
configure:16111: checking whether the g++ linker (/usr/bin/ld -m elf_x86_64) supports shared libraries
configure:17188: result: yes
configure:17224: g++ -c -g -O2  -I/usr/include -I/usr/include conftest.cpp >&5
configure:17227: $? = 0
configure:17708: checking for g++ option to produce PIC
configure:17716: result: -fPIC -DPIC
configure:17724: checking if g++ PIC flag -fPIC -DPIC works
configure:17743: g++ -c -g -O2  -I/usr/include -I/usr/include -fPIC -DPIC -DPIC conftest.cpp >&5
configure:17747: $? = 0
configure:17760: result: yes
configure:17783: checking if g++ static flag -static works
configure:17812: result: yes
configure:17824: checking if g++ supports -c -o file.o
configure:17846: g++ -c -g -O2  -I/usr/include -I/usr/include -o out/conftest2.o conftest.cpp >&5
configure:17850: $? = 0
configure:17872: result: yes
configure:17877: checking if g++ supports -c -o file.o
configure:17925: result: yes
configure:17955: checking whether the g++ linker (/usr/bin/ld -m elf_x86_64) supports shared libraries
configure:17998: result: yes
configure:18140: checking dynamic linker characteristics
configure:18900: result: GNU/Linux ld.so
configure:18965: checking how to hardcode library paths into programs
configure:18990: result: immediate
configure:19110: checking whether g++ supports C++17 features with -std=c++17
configure:19911: g++ -std=c++17 -c -g -O2  -I/usr/include -I/usr/include conftest.cpp >&5
configure:19911: $? = 0
configure:19921: result: yes
configure:20118: checking for boostlib >= 1.44.0 (104400)
configure:20150: g++ -std=c++17 -c -g -O2  -I/usr/include -I/usr/include -I/usr/include conftest.cpp >&5
configure:20150: $? = 0
configure:20153: result: yes
configure:20347: checking whether the Boost::System library is available
configure:20373: g++ -std=c++17 -c   -I/usr/include -I/usr/include -I/usr/include conftest.cpp >&5
configure:20373: $? = 0
configure:20389: result: yes
configure:20404: checking for exit in -lboost_system
configure:20427: gcc -o conftest -g -O2  -I/usr/include -I/usr/include -I/usr/include  -L/usr/lib -L/usr/lib -L/usr/lib/x86_64-linux-gnu conftest.c -lboost_system  -lz -lm  >&5
conftest.c:79:6: warning: conflicting types for built-in function 'exit'; expected 'void(int)' [-Wbuiltin-declaration-mismatch]
   79 | char exit ();
      |      ^~~~
conftest.c:1:1: note: 'exit' is declared in header '<stdlib.h>'
    1 | /* confdefs.h */
configure:20427: $? = 0
configure:20438: result: yes
configure:20589: checking for select
configure:20589: result: yes
configure:20599: checking types of arguments for select
configure:20629: gcc -c -g -O2  -I/usr/include -I/usr/include -I/usr/include conftest.c >&5
configure:20629: $? = 0
configure:20639: result: int,fd_set *,struct timeval *
configure:20776: checking that generated files are newer than configure
configure:20782: result: done
configure:20809: creating ./config.status

## ---------------------- ##
## Running config.status. ##
## ---------------------- ##

This file was extended by RCSSServer config.status 19.0.0, which was
generated by GNU Autoconf 2.71.  Invocation command line was

  CONFIG_FILES    = 
  CONFIG_HEADERS  = 
  CONFIG_LINKS    = 
  CONFIG_COMMANDS = 
  $ ./config.status 

on lcabriqportatil

config.status:1222: creating Makefile
config.status:1222: creating rcss/Makefile
config.status:1222: creating rcss/net/Makefile
config.status:1222: creating rcss/conf/Makefile
config.status:1222: creating rcss/gzip/Makefile
config.status:1222: creating rcss/clang/Makefile
config.status:1222: creating src/Makefile
config.status:1222: creating src/rcsoccersim
config.status:1222: creating config.h
config.status:1403: config.h is unchanged
config.status:1451: executing depfiles commands
config.status:1528: cd rcss/net       && sed -e '/# am--include-marker/d' Makefile         | make -f - am--depfiles
make: Nothing to be done for 'am--depfiles'.
config.status:1533: $? = 0
config.status:1528: cd rcss/conf       && sed -e '/# am--include-marker/d' Makefile         | make -f - am--depfiles
make: Nothing to be done for 'am--depfiles'.
config.status:1533: $? = 0
config.status:1528: cd rcss/gzip       && sed -e '/# am--include-marker/d' Makefile         | make -f - am--depfiles
make: Nothing to be done for 'am--depfiles'.
config.status:1533: $? = 0
config.status:1528: cd rcss/clang       && sed -e '/# am--include-marker/d' Makefile         | make -f - am--depfiles
/tmp/Gmp98BOR:919: warning: ignoring prerequisites on suffix rule definition
/tmp/Gmp98BOR:911: warning: ignoring prerequisites on suffix rule definition
make: Nothing to be done for 'am--depfiles'.
config.status:1533: $? = 0
config.status:1528: cd src       && sed -e '/# am--include-marker/d' Makefile         | make -f - am--depfiles
/tmp/GmFnFyUZ:1211: warning: ignoring prerequisites on suffix rule definition
/tmp/GmFnFyUZ:1203: warning: ignoring prerequisites on suffix rule definition
make: Nothing to be done for 'am--depfiles'.
config.status:1533: $? = 0
config.status:1451: executing libtool commands
configure:23226: WARNING: unrecognized options: --enable-debug

## ---------------- ##
## Cache variables. ##
## ---------------- ##

ac_cv_build=x86_64-pc-linux-gnu
ac_cv_c_compiler_gnu=yes
ac_cv_c_const=yes
ac_cv_c_inline=inline
ac_cv_c_int16_t=yes
ac_cv_c_int32_t=yes
ac_cv_c_int8_t=yes
ac_cv_c_uint16_t=yes
ac_cv_c_uint32_t=yes
ac_cv_c_uint8_t=yes
ac_cv_cxx_compiler_gnu=yes
ac_cv_env_CCC_set=
ac_cv_env_CCC_value=
ac_cv_env_CC_set=
ac_cv_env_CC_value=
ac_cv_env_CFLAGS_set=
ac_cv_env_CFLAGS_value=
ac_cv_env_CPPFLAGS_set=
ac_cv_env_CPPFLAGS_value=
ac_cv_env_CPP_set=
ac_cv_env_CPP_value=
ac_cv_env_CXXCPP_set=
ac_cv_env_CXXCPP_value=
ac_cv_env_CXXFLAGS_set=
ac_cv_env_CXXFLAGS_value=
ac_cv_env_CXX_set=
ac_cv_env_CXX_value=
ac_cv_env_FLEX_set=
ac_cv_env_FLEX_value=
ac_cv_env_LDFLAGS_set=
ac_cv_env_LDFLAGS_value=
ac_cv_env_LIBS_set=
ac_cv_env_LIBS_value=
ac_cv_env_LT_SYS_LIBRARY_PATH_set=
ac_cv_env_LT_SYS_LIBRARY_PATH_value=
ac_cv_env_RCSSCLIENT_LIBS_set=
ac_cv_env_RCSSCLIENT_LIBS_value=
ac_cv_env_YACC_set=
ac_cv_env_YACC_value=
ac_cv_env_YFLAGS_set=
ac_cv_env_YFLAGS_value=
ac_cv_env_build_alias_set=
ac_cv_env_build_alias_value=
ac_cv_env_host_alias_set=
ac_cv_env_host_alias_value=
ac_cv_env_target_alias_set=
ac_cv_env_target_alias_value=
ac_cv_func_alloca_works=yes
ac_cv_func_floor=yes
ac_cv_func_fork=yes
ac_cv_func_fork_works=yes
ac_cv_func_gethostbyname=yes
ac_cv_func_gettimeofday=yes
ac_cv_func_inet_ntoa=yes
ac_cv_func_malloc_0_nonnull=yes
ac_cv_func_memset=yes
ac_cv_func_mkdir=yes
ac_cv_func_pow=yes
ac_cv_func_realloc_0_nonnull=yes
ac_cv_func_rint=yes
ac_cv_func_select=yes
ac_cv_func_select_args='int,fd_set *,struct timeval *'
ac_cv_func_socket=yes
ac_cv_func_sqrt=yes
ac_cv_func_strdup=yes
ac_cv_func_strerror=yes
ac_cv_func_strftime=yes
ac_cv_func_vfork=yes
ac_cv_func_vfork_works=yes
ac_cv_header_arpa_inet_h=yes
ac_cv_header_dlfcn_h=yes
ac_cv_header_fcntl_h=yes
ac_cv_header_inttypes_h=yes
ac_cv_header_libintl_h=yes
ac_cv_header_malloc_h=yes
ac_cv_header_netdb_h=yes
ac_cv_header_netinet_in_h=yes
ac_cv_header_poll_h=yes
ac_cv_header_pwd_h=yes
ac_cv_header_stdbool_h=yes
ac_cv_header_stddef_h=yes
ac_cv_header_stdint_h=yes
ac_cv_header_stdio_h=yes
ac_cv_header_stdlib_h=yes
ac_cv_header_string_h=yes
ac_cv_header_strings_h=yes
ac_cv_header_sys_param_h=yes
ac_cv_header_sys_select_h=yes
ac_cv_header_sys_socket_h=yes
ac_cv_header_sys_stat_h=yes
ac_cv_header_sys_time_h=yes
ac_cv_header_sys_types_h=yes
ac_cv_header_unistd_h=yes
ac_cv_header_vfork_h=no
ac_cv_header_zlib_h=yes
ac_cv_host=x86_64-pc-linux-gnu
ac_cv_lib_boost_system_exit=yes
ac_cv_lib_lex='none needed'
ac_cv_lib_m_cos=yes
ac_cv_lib_z_inflateEnd=yes
ac_cv_objext=o
ac_cv_path_EGREP='/usr/bin/grep -E'
ac_cv_path_FGREP='/usr/bin/grep -F'
ac_cv_path_GREP=/usr/bin/grep
ac_cv_path_SED=/usr/bin/sed
ac_cv_path_install='/usr/bin/install -c'
ac_cv_path_lt_DD=/usr/bin/dd
ac_cv_path_mkdir=/usr/bin/mkdir
ac_cv_prog_AWK=gawk
ac_cv_prog_CPP='gcc -E'
ac_cv_prog_CXXCPP='g++ -E'
ac_cv_prog_LEX=flex
ac_cv_prog_YACC='bison -y'
ac_cv_prog_ac_ct_AR=ar
ac_cv_prog_ac_ct_CC=gcc
ac_cv_prog_ac_ct_CXX=g++
ac_cv_prog_ac_ct_MANIFEST_TOOL=mt
ac_cv_prog_ac_ct_OBJDUMP=objdump
ac_cv_prog_ac_ct_RANLIB=ranlib
ac_cv_prog_ac_ct_STRIP=strip
ac_cv_prog_cc_c11=
ac_cv_prog_cc_g=yes
ac_cv_prog_cc_stdc=
ac_cv_prog_cxx_11=no
ac_cv_prog_cxx_cxx11=
ac_cv_prog_cxx_g=yes
ac_cv_prog_cxx_stdcxx=
ac_cv_prog_lex_root=lex.yy
ac_cv_prog_lex_yytext_pointer=yes
ac_cv_prog_make_make_set=yes
ac_cv_search_yywrap=-ll
ac_cv_struct_tm=time.h
ac_cv_type__Bool=yes
ac_cv_type_pid_t=yes
ac_cv_type_ptrdiff_t=yes
ac_cv_type_signal=void
ac_cv_type_size_t=yes
ac_cv_type_socklen_t=yes
ac_cv_working_alloca_h=yes
am_cv_CC_dependencies_compiler_type=gcc3
am_cv_CXX_dependencies_compiler_type=gcc3
am_cv_make_support_nested_variables=yes
am_cv_prog_cc_c_o=yes
ax_cv_boost_system=yes
ax_cv_cxx_compile_cxx17__std_cpp17=yes
ax_cv_prog_bison=yes
ax_cv_prog_flex=yes
lt_cv_ar_at_file=@
lt_cv_archive_cmds_need_lc=no
lt_cv_deplibs_check_method=pass_all
lt_cv_file_magic_cmd='$MAGIC_CMD'
lt_cv_file_magic_test_file=
lt_cv_ld_reload_flag=-r
lt_cv_nm_interface='BSD nm'
lt_cv_objdir=.libs
lt_cv_path_LD=/usr/bin/ld
lt_cv_path_LDCXX='/usr/bin/ld -m elf_x86_64'
lt_cv_path_NM='/usr/bin/nm -B'
lt_cv_path_mainfest_tool=no
lt_cv_prog_compiler_c_o=yes
lt_cv_prog_compiler_c_o_CXX=yes
lt_cv_prog_compiler_pic='-fPIC -DPIC'
lt_cv_prog_compiler_pic_CXX='-fPIC -DPIC'
lt_cv_prog_compiler_pic_works=yes
lt_cv_prog_compiler_pic_works_CXX=yes
lt_cv_prog_compiler_rtti_exceptions=no
lt_cv_prog_compiler_static_works=yes
lt_cv_prog_compiler_static_works_CXX=yes
lt_cv_prog_gnu_ld=yes
lt_cv_prog_gnu_ldcxx=yes
lt_cv_sharedlib_from_linklib_cmd='printf %s\n'
lt_cv_shlibpath_overrides_runpath=yes
lt_cv_sys_global_symbol_pipe='sed -n -e '\''s/^.*[	 ]\([ABCDGIRSTW][ABCDGIRSTW]*\)[	 ][	 ]*\([_A-Za-z][_A-Za-z0-9]*\)$/\1 \2 \2/p'\'' | sed '\''/ __gnu_lto/d'\'''
lt_cv_sys_global_symbol_to_c_name_address='sed -n -e '\''s/^: \(.*\) .*$/  {"\1", (void *) 0},/p'\'' -e '\''s/^[ABCDGIRSTW][ABCDGIRSTW]* .* \(.*\)$/  {"\1", (void *) \&\1},/p'\'''
lt_cv_sys_global_symbol_to_c_name_address_lib_prefix='sed -n -e '\''s/^: \(.*\) .*$/  {"\1", (void *) 0},/p'\'' -e '\''s/^[ABCDGIRSTW][ABCDGIRSTW]* .* \(lib.*\)$/  {"\1", (void *) \&\1},/p'\'' -e '\''s/^[ABCDGIRSTW][ABCDGIRSTW]* .* \(.*\)$/  {"lib\1", (void *) \&\1},/p'\'''
lt_cv_sys_global_symbol_to_cdecl='sed -n -e '\''s/^T .* \(.*\)$/extern int \1();/p'\'' -e '\''s/^[ABCDGIRSTW][ABCDGIRSTW]* .* \(.*\)$/extern char \1;/p'\'''
lt_cv_sys_global_symbol_to_import=
lt_cv_sys_max_cmd_len=1572864
lt_cv_to_host_file_cmd=func_convert_file_noop
lt_cv_to_tool_file_cmd=func_convert_file_noop
lt_cv_truncate_bin='/usr/bin/dd bs=4096 count=1'
zlib_cv_libz=yes
zlib_cv_zlib_h=yes

## ----------------- ##
## Output variables. ##
## ----------------- ##

ACLOCAL='${SHELL} '\''/home/lcabriq/oesia/TB/rcssserver-19.0.0/missing'\'' aclocal-1.16'
ALLOCA=''
AMDEPBACKSLASH='\'
AMDEP_FALSE='#'
AMDEP_TRUE=''
AMTAR='$${TAR-tar}'
AM_BACKSLASH='\'
AM_DEFAULT_V='$(AM_DEFAULT_VERBOSITY)'
AM_DEFAULT_VERBOSITY='1'
AM_FLEXFLAGS='-olex.yy.c'
AM_V='$(V)'
AR='ar'
AUTOCONF='${SHELL} '\''/home/lcabriq/oesia/TB/rcssserver-19.0.0/missing'\'' autoconf'
AUTOHEADER='${SHELL} '\''/home/lcabriq/oesia/TB/rcssserver-19.0.0/missing'\'' autoheader'
AUTOMAKE='${SHELL} '\''/home/lcabriq/oesia/TB/rcssserver-19.0.0/missing'\'' automake-1.16'
AWK='gawk'
BOOST_CPPFLAGS='-I/usr/include'
BOOST_LDFLAGS='-L/usr/lib/x86_64-linux-gnu'
BOOST_SYSTEM_LIB='-lboost_system'
CC='gcc'
CCDEPMODE='depmode=gcc3'
CFLAGS='-g -O2'
CPP='gcc -E'
CPPFLAGS=' -I/usr/include -I/usr/include -I/usr/include'
CSCOPE='cscope'
CTAGS='ctags'
CXX='g++ -std=c++17'
CXXCPP='g++ -E -std=c++17'
CXXDEPMODE='depmode=gcc3'
CXXFLAGS='-g -O2'
CYGPATH_W='echo'
DEFS='-DHAVE_CONFIG_H'
DEPDIR='.deps'
DLLTOOL='false'
DSYMUTIL=''
DUMPBIN=''
ECHO_C=''
ECHO_N='-n'
ECHO_T=''
EGREP='/usr/bin/grep -E'
ETAGS='etags'
EXEEXT=''
FGREP='/usr/bin/grep -F'
FLEX='flex'
FLEXFLAGS=''
GREP='/usr/bin/grep'
HAVE_CXX17='1'
INSTALL_DATA='${INSTALL} -m 644'
INSTALL_PROGRAM='${INSTALL}'
INSTALL_SCRIPT='${INSTALL}'
INSTALL_STRIP_PROGRAM='$(install_sh) -c -s'
LD='/usr/bin/ld -m elf_x86_64'
LDFLAGS=' -L/usr/lib -L/usr/lib -L/usr/lib/x86_64-linux-gnu'
LEX='flex'
LEXLIB='-ll '
LEX_OUTPUT_ROOT='lex.yy'
LIBOBJS=''
LIBS='-lz -lm '
LIBTOOL='$(SHELL) $(top_builddir)/libtool'
LIBTOOL_DEPS='.//ltmain.sh'
LIPO=''
LN_S='ln -s'
LTLIBOBJS=''
LT_SYS_LIBRARY_PATH=''
MAKEINFO='${SHELL} '\''/home/lcabriq/oesia/TB/rcssserver-19.0.0/missing'\'' makeinfo'
MANIFEST_TOOL=':'
MKDIR_P='/usr/bin/mkdir -p'
NM='/usr/bin/nm -B'
NMEDIT=''
OBJDUMP='objdump'
OBJEXT='o'
OTOOL64=''
OTOOL=''
PACKAGE='rcssserver'
PACKAGE_BUGREPORT='https://github.com/rcsoccersim/'
PACKAGE_NAME='RCSSServer'
PACKAGE_STRING='RCSSServer 19.0.0'
PACKAGE_TARNAME='rcssserver'
PACKAGE_URL=''
PACKAGE_VERSION='19.0.0'
PATH_SEPARATOR=':'
RANLIB='ranlib'
RCSSCLIENT='rcssclient'
RCSSCLIENT_LIBS=''
SED='/usr/bin/sed'
SET_MAKE=''
SHELL='/bin/bash'
STRIP='strip'
VERSION='19.0.0'
YACC='bison -o y.tab.c'
YFLAGS=''
ac_ct_AR='ar'
ac_ct_CC='gcc'
ac_ct_CXX='g++'
ac_ct_DUMPBIN=''
am__EXEEXT_FALSE=''
am__EXEEXT_TRUE='#'
am__fastdepCC_FALSE='#'
am__fastdepCC_TRUE=''
am__fastdepCXX_FALSE='#'
am__fastdepCXX_TRUE=''
am__include='include'
am__isrc=''
am__leading_dot='.'
am__nodep='_no'
am__quote=''
am__tar='$${TAR-tar} chof - "$$tardir"'
am__untar='$${TAR-tar} xf -'
bindir='${exec_prefix}/bin'
build='x86_64-pc-linux-gnu'
build_alias=''
build_cpu='x86_64'
build_os='linux-gnu'
build_vendor='pc'
datadir='${datarootdir}'
datarootdir='${prefix}/share'
docdir='${datarootdir}/doc/${PACKAGE_TARNAME}'
dvidir='${docdir}'
exec_prefix='${prefix}'
host='x86_64-pc-linux-gnu'
host_alias=''
host_cpu='x86_64'
host_os='linux-gnu'
host_vendor='pc'
htmldir='${docdir}'
includedir='${prefix}/include'
infodir='${datarootdir}/info'
install_sh='${SHELL} /home/lcabriq/oesia/TB/rcssserver-19.0.0/install-sh'
libdir='${exec_prefix}/lib'
libexecdir='${exec_prefix}/libexec'
localedir='${datarootdir}/locale'
localstatedir='${prefix}/var'
mandir='${datarootdir}/man'
mkdir_p='$(MKDIR_P)'
oldincludedir='/usr/include'
pdfdir='${docdir}'
prefix='/usr/local'
program_transform_name='s,x,x,'
psdir='${docdir}'
runstatedir='${localstatedir}/run'
sbindir='${exec_prefix}/sbin'
sharedstatedir='${prefix}/com'
sysconfdir='${prefix}/etc'
target_alias=''

## ----------- ##
## confdefs.h. ##
## ----------- ##

/* confdefs.h */
#define PACKAGE_NAME "RCSSServer"
#define PACKAGE_TARNAME "rcssserver"
#define PACKAGE_VERSION "19.0.0"
#define PACKAGE_STRING "RCSSServer 19.0.0"
#define PACKAGE_BUGREPORT "https://github.com/rcsoccersim/"
#define PACKAGE_URL ""
#define PACKAGE "rcssserver"
#define VERSION "19.0.0"
#define HAVE_LIBM 1
#define HAVE_STDIO_H 1
#define HAVE_STDLIB_H 1
#define HAVE_STRING_H 1
#define HAVE_INTTYPES_H 1
#define HAVE_STDINT_H 1
#define HAVE_STRINGS_H 1
#define HAVE_SYS_STAT_H 1
#define HAVE_SYS_TYPES_H 1
#define HAVE_UNISTD_H 1
#define HAVE_SYS_SELECT_H 1
#define HAVE_SYS_SOCKET_H 1
#define STDC_HEADERS 1
#define HAVE_LIBZ 1
#define HAVE_ALLOCA_H 1
#define HAVE_ALLOCA 1
#define HAVE_ARPA_INET_H 1
#define HAVE_FCNTL_H 1
#define HAVE_INTTYPES_H 1
#define HAVE_LIBINTL_H 1
#define HAVE_LIBINTL_H 1
#define HAVE_MALLOC_H 1
#define HAVE_NETDB_H 1
#define HAVE_NETINET_IN_H 1
#define HAVE_POLL_H 1
#define HAVE_PWD_H 1
#define HAVE_STDDEF_H 1
#define HAVE_STDLIB_H 1
#define HAVE_SYS_PARAM_H 1
#define HAVE_SYS_SOCKET_H 1
#define HAVE_SYS_TIME_H 1
#define HAVE_SYS_TYPES_H 1
#define HAVE_UNISTD_H 1
#define HAVE__BOOL 1
#define HAVE_STDBOOL_H 1
#define HAVE_PTRDIFF_T 1
#define HAVE_SOCKLEN_T 1
#define HAVE_FORK 1
#define HAVE_VFORK 1
#define HAVE_WORKING_VFORK 1
#define HAVE_WORKING_FORK 1
#define HAVE_MALLOC 1
#define HAVE_REALLOC 1
#define RETSIGTYPE void
#define HAVE_STRFTIME 1
#define HAVE_FLOOR 1
#define HAVE_GETHOSTBYNAME 1
#define HAVE_GETTIMEOFDAY 1
#define HAVE_INET_NTOA 1
#define HAVE_MEMSET 1
#define HAVE_MKDIR 1
#define HAVE_POW 1
#define HAVE_RINT 1
#define HAVE_SELECT 1
#define HAVE_SOCKET 1
#define HAVE_SQRT 1
#define HAVE_STRDUP 1
#define HAVE_STRERROR 1
#define YYTEXT_POINTER 1
#define HAVE_DLFCN_H 1
#define LT_OBJDIR ".libs/"
#define HAVE_CXX17 1
#define HAVE_BOOST /**/
#define HAVE_BOOST_SYSTEM /**/
#define HAVE_SELECT 1
#define SELECT_TYPE_ARG1 int
#define SELECT_TYPE_ARG234 (fd_set *)
#define SELECT_TYPE_ARG5 (struct timeval *)

configure: exit 0
